This is pdfTeX, Version 3.141592653-2.6-1.40.26 (TeX Live 2024/Arch Linux) (preloaded format=pdflatex 2024.6.17)  1 SEP 2024 22:12
entering extended mode
 restricted \write18 enabled.
 %&-line parsing enabled.
**refman
(./refman.tex
LaTeX2e <2023-11-01> patch level 1
L3 programming layer <2024-02-20>
(/usr/share/texmf-dist/tex/generic/iftex/iftex.sty
Package: iftex 2022/02/03 v1.0f TeX engine tests
)
(/usr/share/texmf-dist/tex/latex/base/book.cls
Document Class: book 2023/05/17 v1.4n Standard LaTeX document class
(/usr/share/texmf-dist/tex/latex/base/bk10.clo
File: bk10.clo 2023/05/17 v1.4n Standard LaTeX file (size option)
)
\c@part=\count188
\c@chapter=\count189
\c@section=\count190
\c@subsection=\count191
\c@subsubsection=\count192
\c@paragraph=\count193
\c@subparagraph=\count194
\c@figure=\count195
\c@table=\count196
\abovecaptionskip=\skip48
\belowcaptionskip=\skip49
\bibindent=\dimen140
)
(/usr/share/texmf-dist/tex/latex/base/ifthen.sty
Package: ifthen 2022/04/13 v1.1d Standard LaTeX ifthen package (DPC)
)
(/usr/share/texmf-dist/tex/latex/tools/array.sty
Rollback for package 'array' requested -> date 2016-10-06.
         Best approximation is the release introduced on 2016-10-06.

(/usr/share/texmf-dist/tex/latex/tools/array-2016-10-06.sty
Package: array 2016/10/06 v2.4d Tabular extension package (FMi)
\col@sep=\dimen141
\extrarowheight=\dimen142
\NC@list=\toks17
\extratabsurround=\skip50
\backup@length=\skip51
))
(/usr/share/texmf-dist/tex/generic/infwarerr/infwarerr.sty
package info suppressed
) (./doxygen.sty
Package: doxygen 

(/usr/share/texmf-dist/tex/latex/base/alltt.sty
Package: alltt 2021/01/29 v2.0g defines alltt environment
)
(/usr/share/texmf-dist/tex/latex/tools/calc.sty
Package: calc 2023/07/08 v4.3 Infix arithmetic (KKT,FJ)
\calc@Acount=\count197
\calc@Bcount=\count198
\calc@Adimen=\dimen143
\calc@Bdimen=\dimen144
\calc@Askip=\skip52
\calc@Bskip=\skip53
LaTeX Info: Redefining \setlength on input line 80.
LaTeX Info: Redefining \addtolength on input line 81.
\calc@Ccount=\count199
\calc@Cskip=\skip54
)
(/usr/share/texmf-dist/tex/latex/float/float.sty
Package: float 2001/11/08 v1.3d Float enhancements (AL)
\c@float@type=\count266
\float@exts=\toks18
\float@box=\box51
\@float@everytoks=\toks19
\@floatcapt=\box52
)
(/usr/share/texmf-dist/tex/latex/tools/verbatim.sty
Package: verbatim 2023-11-06 v1.5v LaTeX2e package for verbatim enhancements
\every@verbatim=\toks20
\verbatim@line=\toks21
\verbatim@in@stream=\read2
)
(/usr/share/texmf-dist/tex/latex/xcolor/xcolor.sty
Package: xcolor 2023/11/15 v3.01 LaTeX color extensions (UK)

(/usr/share/texmf-dist/tex/latex/graphics-cfg/color.cfg
File: color.cfg 2016/01/02 v1.6 sample color configuration
)
Package xcolor Info: Driver file: pdftex.def on input line 274.

(/usr/share/texmf-dist/tex/latex/graphics-def/pdftex.def
File: pdftex.def 2022/09/22 v1.2b Graphics/color driver for pdftex
)
(/usr/share/texmf-dist/tex/latex/graphics/mathcolor.ltx)
Package xcolor Info: Model `cmy' substituted by `cmy0' on input line 1350.
Package xcolor Info: Model `hsb' substituted by `rgb' on input line 1354.
Package xcolor Info: Model `RGB' extended on input line 1366.
Package xcolor Info: Model `HTML' substituted by `rgb' on input line 1368.
Package xcolor Info: Model `Hsb' substituted by `hsb' on input line 1369.
Package xcolor Info: Model `tHsb' substituted by `hsb' on input line 1370.
Package xcolor Info: Model `HSB' substituted by `hsb' on input line 1371.
Package xcolor Info: Model `Gray' substituted by `gray' on input line 1372.
Package xcolor Info: Model `wave' substituted by `hsb' on input line 1373.
)
(/usr/share/texmf-dist/tex/latex/colortbl/colortbl.sty
Package: colortbl 2024/02/20 v1.0g Color table columns (DPC)
\everycr=\toks22
\minrowclearance=\skip55
\rownum=\count267
)
(./longtable_doxygen.sty
Package: longtable_doxygen 2014/10/28 v4.11 Multi-page Table package (DPC) - fr
ozen version for doxygen
\LTleft=\skip56
\LTright=\skip57
\LTpre=\skip58
\LTpost=\skip59
\LTchunksize=\count268
\LTcapwidth=\dimen145
\LT@head=\box53
\LT@firsthead=\box54
\LT@foot=\box55
\LT@lastfoot=\box56
\LT@cols=\count269
\LT@rows=\count270
\c@LT@tables=\count271
\c@LT@chunks=\count272
\LT@p@ftn=\toks23
) (./tabu_doxygen.sty
Package: tabu_doxygen 2011/02/26 v2.8 - flexible LaTeX tabulars (FC), frozen ve
rsion for doxygen

(/usr/share/texmf-dist/tex/latex/varwidth/varwidth.sty
Package: varwidth 2009/03/30 ver 0.92;  Variable-width minipages
\@vwid@box=\box57
\sift@deathcycles=\count273
\@vwid@loff=\dimen146
\@vwid@roff=\dimen147
)
\c@taburow=\count274
\tabu@nbcols=\count275
\tabu@cnt=\count276
\tabu@Xcol=\count277
\tabu@alloc=\count278
\tabu@nested=\count279
\tabu@target=\dimen148
\tabu@spreadtarget=\dimen149
\tabu@naturalX=\dimen150
\tabucolX=\dimen151
\tabu@Xsum=\dimen152
\extrarowdepth=\dimen153
\abovetabulinesep=\dimen154
\belowtabulinesep=\dimen155
\tabustrutrule=\dimen156
\tabu@thebody=\toks24
\tabu@footnotes=\toks25
\tabu@box=\box58
\tabu@arstrutbox=\box59
\tabu@hleads=\box60
\tabu@vleads=\box61
\tabu@cellskip=\skip60
)
(/usr/share/texmf-dist/tex/latex/fancyvrb/fancyvrb.sty
Package: fancyvrb 2024/01/20 4.5c verbatim text (tvz,hv)

(/usr/share/texmf-dist/tex/latex/graphics/keyval.sty
Package: keyval 2022/05/29 v1.15 key=value parser (DPC)
\KV@toks@=\toks26
)
\FV@CodeLineNo=\count280
\FV@InFile=\read3
\FV@TabBox=\box62
\c@FancyVerbLine=\count281
\FV@StepNumber=\count282
\FV@OutFile=\write3
)
(/usr/share/texmf-dist/tex/latex/tools/tabularx.sty
Package: tabularx 2023/07/08 v2.11c `tabularx' package (DPC)
\TX@col@width=\dimen157
\TX@old@table=\dimen158
\TX@old@col=\dimen159
\TX@target=\dimen160
\TX@delta=\dimen161
\TX@cols=\count283
\TX@ftn=\toks27
)
(/usr/share/texmf-dist/tex/latex/tools/multicol.sty
Package: multicol 2023/03/30 v1.9f multicolumn formatting (FMi)
\c@tracingmulticols=\count284
\mult@box=\box63
\multicol@leftmargin=\dimen162
\c@unbalance=\count285
\c@collectmore=\count286
\doublecol@number=\count287
\multicoltolerance=\count288
\multicolpretolerance=\count289
\full@width=\dimen163
\page@free=\dimen164
\premulticols=\dimen165
\postmulticols=\dimen166
\multicolsep=\skip61
\multicolbaselineskip=\skip62
\partial@page=\box64
\last@line=\box65
\mc@boxedresult=\box66
\maxbalancingoverflow=\dimen167
\mult@rightbox=\box67
\mult@grightbox=\box68
\mult@firstbox=\box69
\mult@gfirstbox=\box70
\@tempa=\box71
\@tempa=\box72
\@tempa=\box73
\@tempa=\box74
\@tempa=\box75
\@tempa=\box76
\@tempa=\box77
\@tempa=\box78
\@tempa=\box79
\@tempa=\box80
\@tempa=\box81
\@tempa=\box82
\@tempa=\box83
\@tempa=\box84
\@tempa=\box85
\@tempa=\box86
\@tempa=\box87
\@tempa=\box88
\@tempa=\box89
\@tempa=\box90
\@tempa=\box91
\@tempa=\box92
\@tempa=\box93
\@tempa=\box94
\@tempa=\box95
\@tempa=\box96
\@tempa=\box97
\@tempa=\box98
\@tempa=\box99
\@tempa=\box100
\@tempa=\box101
\@tempa=\box102
\@tempa=\box103
\@tempa=\box104
\@tempa=\box105
\@tempa=\box106
\c@minrows=\count290
\c@columnbadness=\count291
\c@finalcolumnbadness=\count292
\last@try=\dimen168
\multicolovershoot=\dimen169
\multicolundershoot=\dimen170
\mult@nat@firstbox=\box107
\colbreak@box=\box108
\mc@col@check@num=\count293
)
(/usr/share/texmf-dist/tex/latex/multirow/multirow.sty
Package: multirow 2021/03/15 v2.8 Span multiple rows of a table
\multirow@colwidth=\skip63
\multirow@cntb=\count294
\multirow@dima=\skip64
\bigstrutjot=\dimen171
)
(/usr/share/texmf-dist/tex/latex/hanging/hanging.sty
Package: hanging 2009/09/02 v1.2b hanging paragraphs and punctuation
\h@ngcommawd=\skip65
\h@ngfstopwd=\skip66
\h@ngquotewd=\skip67
\h@ngdquotewd=\skip68
\h@ngquerywd=\skip69
\h@ngexclwd=\skip70
\h@ngcolonwd=\skip71
\h@ngscolonwd=\skip72
)
(/usr/share/texmf-dist/tex/generic/iftex/ifpdf.sty
Package: ifpdf 2019/10/25 v3.4 ifpdf legacy package. Use iftex instead.
)
(/usr/share/texmf-dist/tex/latex/adjustbox/adjustbox.sty
Package: adjustbox 2022/10/17 v1.3a Adjusting TeX boxes (trim, clip, ...)

(/usr/share/texmf-dist/tex/latex/xkeyval/xkeyval.sty
Package: xkeyval 2022/06/16 v2.9 package option processing (HA)

(/usr/share/texmf-dist/tex/generic/xkeyval/xkeyval.tex
(/usr/share/texmf-dist/tex/generic/xkeyval/xkvutils.tex
\XKV@toks=\toks28
\XKV@tempa@toks=\toks29
)
\XKV@depth=\count295
File: xkeyval.tex 2014/12/03 v2.7a key=value parser (HA)
))
(/usr/share/texmf-dist/tex/latex/adjustbox/adjcalc.sty
Package: adjcalc 2012/05/16 v1.1 Provides advanced setlength with multiple back
-ends (calc, etex, pgfmath)
)
(/usr/share/texmf-dist/tex/latex/adjustbox/trimclip.sty
Package: trimclip 2020/08/19 v1.2 Trim and clip general TeX material

(/usr/share/texmf-dist/tex/latex/graphics/graphicx.sty
Package: graphicx 2021/09/16 v1.2d Enhanced LaTeX Graphics (DPC,SPQR)

(/usr/share/texmf-dist/tex/latex/graphics/graphics.sty
Package: graphics 2022/03/10 v1.4e Standard LaTeX Graphics (DPC,SPQR)

(/usr/share/texmf-dist/tex/latex/graphics/trig.sty
Package: trig 2021/08/11 v1.11 sin cos tan (DPC)
)
(/usr/share/texmf-dist/tex/latex/graphics-cfg/graphics.cfg
File: graphics.cfg 2016/06/04 v1.11 sample graphics configuration
)
Package graphics Info: Driver file: pdftex.def on input line 107.
)
\Gin@req@height=\dimen172
\Gin@req@width=\dimen173
)
(/usr/share/texmf-dist/tex/latex/collectbox/collectbox.sty
Package: collectbox 2022/10/17 v0.4c Collect macro arguments as boxes
\collectedbox=\box109
)
\tc@llx=\dimen174
\tc@lly=\dimen175
\tc@urx=\dimen176
\tc@ury=\dimen177
Package trimclip Info: Using driver 'tc-pdftex.def'.

(/usr/share/texmf-dist/tex/latex/adjustbox/tc-pdftex.def
File: tc-pdftex.def 2019/01/04 v2.2 Clipping driver for pdftex
))
\adjbox@Width=\dimen178
\adjbox@Height=\dimen179
\adjbox@Depth=\dimen180
\adjbox@Totalheight=\dimen181
\adjbox@pwidth=\dimen182
\adjbox@pheight=\dimen183
\adjbox@pdepth=\dimen184
\adjbox@ptotalheight=\dimen185

(/usr/share/texmf-dist/tex/latex/ifoddpage/ifoddpage.sty
Package: ifoddpage 2022/10/18 v1.2 Conditionals for odd/even page detection
\c@checkoddpage=\count296
))
(/usr/share/texmf-dist/tex/latex/amsfonts/amssymb.sty
Package: amssymb 2013/01/14 v3.01 AMS font symbols

(/usr/share/texmf-dist/tex/latex/amsfonts/amsfonts.sty
Package: amsfonts 2013/01/14 v3.01 Basic AMSFonts support
\@emptytoks=\toks30
\symAMSa=\mathgroup4
\symAMSb=\mathgroup5
LaTeX Font Info:    Redeclaring math symbol \hbar on input line 98.
LaTeX Font Info:    Overwriting math alphabet `\mathfrak' in version `bold'
(Font)                  U/euf/m/n --> U/euf/b/n on input line 106.
))
(/usr/share/texmf-dist/tex/latex/stackengine/stackengine.sty
Package: stackengine 2021/07/22 v4.11\ Stacking text and objects in convenient 
ways

(/usr/share/texmf-dist/tex/latex/etoolbox/etoolbox.sty
Package: etoolbox 2020/10/05 v2.5k e-TeX tools for LaTeX (JAW)
\etb@tempcnta=\count297
)
(/usr/share/texmf-dist/tex/generic/listofitems/listofitems.sty
(/usr/share/texmf-dist/tex/generic/listofitems/listofitems.tex
\loi_cnt_foreach_nest=\count298
\loi_nestcnt=\count299
)
Package: listofitems 2024/03/09 v1.65 Grab items in lists using user-specified 
sep char (CT)
)
\c@@stackindex=\count300
\@boxshift=\skip73
\stack@tmplength=\skip74
\temp@stkl=\skip75
\@stackedboxwidth=\skip76
\@addedbox=\box110
\@anchorbox=\box111
\@insetbox=\box112
\se@backgroundbox=\box113
\stackedbox=\box114
\@centerbox=\box115
\c@ROWcellindex@=\count301
)
(/usr/share/texmf-dist/tex/latex/enumitem/enumitem.sty
Package: enumitem 2019/06/20 v3.9 Customized lists
\labelindent=\skip77
\enit@outerparindent=\dimen186
\enit@toks=\toks31
\enit@inbox=\box116
\enit@count@id=\count302
\enitdp@description=\count303
)
(/usr/share/texmf-dist/tex/generic/alphalph/alphalph.sty
Package: alphalph 2019/12/09 v2.6 Convert numbers to letters (HO)

(/usr/share/texmf-dist/tex/generic/intcalc/intcalc.sty
Package: intcalc 2019/12/15 v1.3 Expandable calculations with integers (HO)
))
(/usr/share/texmf-dist/tex/generic/ulem/ulem.sty
\UL@box=\box117
\UL@hyphenbox=\box118
\UL@skip=\skip78
\UL@hook=\toks32
\UL@height=\dimen187
\UL@pe=\count304
\UL@pixel=\dimen188
\ULC@box=\box119
Package: ulem 2019/11/18
\ULdepth=\dimen189
)
\xrefbox=\box120
\xreflength=\skip79
\CodeWidthChar=\skip80
\CodeHeightChar=\skip81
\DoxyCodeWidth=\skip82
\c@DoxyEnumeratei=\count305
\c@DoxyEnumerateii=\count306
\c@DoxyEnumerateiii=\count307
\c@DoxyEnumerateiv=\count308
\c@DoxyEnumeratev=\count309
\c@DoxyEnumeratevi=\count310
\c@DoxyEnumeratevii=\count311
\c@DoxyEnumerateviii=\count312
\c@DoxyEnumerateix=\count313
\c@DoxyEnumeratex=\count314
\c@DoxyEnumeratexi=\count315
\c@DoxyEnumeratexii=\count316
\enitdp@DoxyEnumerate=\count317
\enitdp@DoxyItemize=\count318
\c@subsubsubsection=\count319
\c@subsubsubsubsection=\count320
\c@subsubsubsubsubsection=\count321
\c@subsubsubsubsubsubsection=\count322
) (./acl.sty)
(/usr/share/texmf-dist/tex/latex/base/inputenc.sty
Package: inputenc 2021/02/14 v1.3d Input encoding file
\inpenc@prehook=\toks33
\inpenc@posthook=\toks34
)
(/usr/share/texmf-dist/tex/latex/base/makeidx.sty
Package: makeidx 2021/10/04 v1.0m Standard LaTeX package
)
(/usr/share/texmf-dist/tex/latex/base/textcomp.sty
Package: textcomp 2020/02/02 v2.0n Standard LaTeX package
)
(/usr/share/texmf-dist/tex/latex/wasysym/wasysym.sty
Package: wasysym 2020/01/19 v2.4 Wasy-2 symbol support package
\symwasy=\mathgroup6
LaTeX Font Info:    Overwriting symbol font `wasy' in version `bold'
(Font)                  U/wasy/m/n --> U/wasy/b/n on input line 93.
)
(/usr/share/texmf-dist/tex/generic/iftex/ifxetex.sty
Package: ifxetex 2019/10/25 v0.7 ifxetex legacy package. Use iftex instead.
)
(/usr/share/texmf-dist/tex/latex/base/fontenc.sty
Package: fontenc 2021/04/29 v2.0v Standard LaTeX package
)
(/usr/share/texmf-dist/tex/latex/psnfss/helvet.sty
Package: helvet 2020/03/25 PSNFSS-v9.3 (WaS) 
)
(/usr/share/texmf-dist/tex/latex/psnfss/courier.sty
Package: courier 2020/03/25 PSNFSS-v9.3 (WaS) 
)
(/usr/share/texmf-dist/tex/latex/geometry/geometry.sty
Package: geometry 2020/01/02 v5.9 Page Geometry

(/usr/share/texmf-dist/tex/generic/iftex/ifvtex.sty
Package: ifvtex 2019/10/25 v1.7 ifvtex legacy package. Use iftex instead.
)
\Gm@cnth=\count323
\Gm@cntv=\count324
\c@Gm@tempcnt=\count325
\Gm@bindingoffset=\dimen190
\Gm@wd@mp=\dimen191
\Gm@odd@mp=\dimen192
\Gm@even@mp=\dimen193
\Gm@layoutwidth=\dimen194
\Gm@layoutheight=\dimen195
\Gm@layouthoffset=\dimen196
\Gm@layoutvoffset=\dimen197
\Gm@dimlist=\toks35
)
(/usr/share/texmf-dist/tex/latex/changepage/changepage.sty
Package: changepage 2009/10/20 v1.0c check page and change page layout
\c@cp@cntr=\count326
\cp@tempcnt=\count327
LaTeX Info: Redefining \checkoddpage on input line 59.
)
(/usr/share/texmf-dist/tex/latex/fancyhdr/fancyhdr.sty
Package: fancyhdr 2022/11/09 v4.1 Extensive control of page headers and footers

\f@nch@headwidth=\skip83
\f@nch@O@elh=\skip84
\f@nch@O@erh=\skip85
\f@nch@O@olh=\skip86
\f@nch@O@orh=\skip87
\f@nch@O@elf=\skip88
\f@nch@O@erf=\skip89
\f@nch@O@olf=\skip90
\f@nch@O@orf=\skip91
)
(/usr/share/texmf-dist/tex/latex/natbib/natbib.sty
Package: natbib 2010/09/13 8.31b (PWD, AO)
\bibhang=\skip92
\bibsep=\skip93
LaTeX Info: Redefining \cite on input line 694.
\c@NAT@ctr=\count328
)
(/usr/share/texmf-dist/tex/latex/tocloft/tocloft.sty
Package: tocloft 2017/08/31 v2.3i parameterised ToC, etc., typesetting
Package tocloft Info: The document has chapter divisions on input line 51.
\cftparskip=\skip94
\cftbeforetoctitleskip=\skip95
\cftaftertoctitleskip=\skip96
\cftbeforepartskip=\skip97
\cftpartnumwidth=\skip98
\cftpartindent=\skip99
\cftbeforechapskip=\skip100
\cftchapindent=\skip101
\cftchapnumwidth=\skip102
\cftbeforesecskip=\skip103
\cftsecindent=\skip104
\cftsecnumwidth=\skip105
\cftbeforesubsecskip=\skip106
\cftsubsecindent=\skip107
\cftsubsecnumwidth=\skip108
\cftbeforesubsubsecskip=\skip109
\cftsubsubsecindent=\skip110
\cftsubsubsecnumwidth=\skip111
\cftbeforeparaskip=\skip112
\cftparaindent=\skip113
\cftparanumwidth=\skip114
\cftbeforesubparaskip=\skip115
\cftsubparaindent=\skip116
\cftsubparanumwidth=\skip117
\cftbeforeloftitleskip=\skip118
\cftafterloftitleskip=\skip119
\cftbeforefigskip=\skip120
\cftfigindent=\skip121
\cftfignumwidth=\skip122
\c@lofdepth=\count329
\c@lotdepth=\count330
\cftbeforelottitleskip=\skip123
\cftafterlottitleskip=\skip124
\cftbeforetabskip=\skip125
\cfttabindent=\skip126
\cfttabnumwidth=\skip127
)
\@indexfile=\write4
\openout4 = `refman.idx'.


Writing index file refman.idx
(/usr/share/texmf-dist/tex/latex/newunicodechar/newunicodechar.sty
Package: newunicodechar 2018/04/08 v1.2 Defining Unicode characters
)
(/usr/share/texmf-dist/tex/latex/hyperref/hyperref.sty
Package: hyperref 2024-01-20 v7.01h Hypertext links for LaTeX

(/usr/share/texmf-dist/tex/latex/kvsetkeys/kvsetkeys.sty
Package: kvsetkeys 2022-10-05 v1.19 Key value parser (HO)
)
(/usr/share/texmf-dist/tex/generic/kvdefinekeys/kvdefinekeys.sty
Package: kvdefinekeys 2019-12-19 v1.6 Define keys (HO)
)
(/usr/share/texmf-dist/tex/generic/pdfescape/pdfescape.sty
Package: pdfescape 2019/12/09 v1.15 Implements pdfTeX's escape features (HO)

(/usr/share/texmf-dist/tex/generic/ltxcmds/ltxcmds.sty
Package: ltxcmds 2023-12-04 v1.26 LaTeX kernel commands for general use (HO)
)
(/usr/share/texmf-dist/tex/generic/pdftexcmds/pdftexcmds.sty
Package: pdftexcmds 2020-06-27 v0.33 Utility functions of pdfTeX for LuaTeX (HO
)
Package pdftexcmds Info: \pdf@primitive is available.
Package pdftexcmds Info: \pdf@ifprimitive is available.
Package pdftexcmds Info: \pdfdraftmode found.
))
(/usr/share/texmf-dist/tex/latex/hycolor/hycolor.sty
Package: hycolor 2020-01-27 v1.10 Color options for hyperref/bookmark (HO)
)
(/usr/share/texmf-dist/tex/latex/auxhook/auxhook.sty
Package: auxhook 2019-12-17 v1.6 Hooks for auxiliary files (HO)
)
(/usr/share/texmf-dist/tex/latex/hyperref/nameref.sty
Package: nameref 2023-11-26 v2.56 Cross-referencing by name of section

(/usr/share/texmf-dist/tex/latex/refcount/refcount.sty
Package: refcount 2019/12/15 v3.6 Data extraction from label references (HO)
)
(/usr/share/texmf-dist/tex/generic/gettitlestring/gettitlestring.sty
Package: gettitlestring 2019/12/15 v1.6 Cleanup title references (HO)

(/usr/share/texmf-dist/tex/latex/kvoptions/kvoptions.sty
Package: kvoptions 2022-06-15 v3.15 Key value format for package options (HO)
))
\c@section@level=\count331
)
\@linkdim=\dimen198
\Hy@linkcounter=\count332
\Hy@pagecounter=\count333

(/usr/share/texmf-dist/tex/latex/hyperref/pd1enc.def
File: pd1enc.def 2024-01-20 v7.01h Hyperref: PDFDocEncoding definition (HO)
Now handling font encoding PD1 ...
... no UTF-8 mapping file for font encoding PD1
)
\Hy@SavedSpaceFactor=\count334

(/usr/share/texmf-dist/tex/latex/hyperref/puenc.def
File: puenc.def 2024-01-20 v7.01h Hyperref: PDF Unicode definition (HO)
Now handling font encoding PU ...
... no UTF-8 mapping file for font encoding PU
)
Package hyperref Info: Hyper figures OFF on input line 4179.
Package hyperref Info: Link nesting OFF on input line 4184.
Package hyperref Info: Hyper index ON on input line 4187.
Package hyperref Info: Plain pages OFF on input line 4194.
Package hyperref Info: Backreferencing ON on input line 4197.
Package hyperref Info: Implicit mode ON; LaTeX internals redefined.
Package hyperref Info: Bookmarks ON on input line 4446.

(/usr/share/texmf-dist/tex/latex/hyperref/backref.sty
Package: backref 2023-11-26 v1.44 Bibliographical back referencing

(/usr/share/texmf-dist/tex/latex/rerunfilecheck/rerunfilecheck.sty
Package: rerunfilecheck 2022-07-10 v1.10 Rerun checks for auxiliary files (HO)

(/usr/share/texmf-dist/tex/latex/base/atveryend-ltx.sty
Package: atveryend-ltx 2020/08/19 v1.0a Emulation of the original atveryend pac
kage
with kernel methods
)
(/usr/share/texmf-dist/tex/generic/uniquecounter/uniquecounter.sty
Package: uniquecounter 2019/12/15 v1.4 Provide unlimited unique counter (HO)

(/usr/share/texmf-dist/tex/generic/bigintcalc/bigintcalc.sty
Package: bigintcalc 2019/12/15 v1.5 Expandable calculations on big integers (HO
)
))
Package uniquecounter Info: New unique counter `rerunfilecheck' on input line 2
85.
))
\c@Hy@tempcnt=\count335

(/usr/share/texmf-dist/tex/latex/url/url.sty
\Urlmuskip=\muskip16
Package: url 2013/09/16  ver 3.4  Verb mode for urls, etc.
)
LaTeX Info: Redefining \url on input line 4784.
\XeTeXLinkMargin=\dimen199

(/usr/share/texmf-dist/tex/generic/bitset/bitset.sty
Package: bitset 2019/12/09 v1.3 Handle bit-vector datatype (HO)
)
\Fld@menulength=\count336
\Field@Width=\dimen256
\Fld@charsize=\dimen257
Package hyperref Info: Hyper figures OFF on input line 6063.
Package hyperref Info: Link nesting OFF on input line 6068.
Package hyperref Info: Hyper index ON on input line 6071.
Package hyperref Info: backreferencing ON on input line 6076.
Package hyperref Info: Link coloring OFF on input line 6083.
Package hyperref Info: Link coloring with OCG OFF on input line 6088.
Package hyperref Info: PDF/A mode OFF on input line 6093.

(/usr/share/texmf-dist/tex/latex/base/atbegshi-ltx.sty
Package: atbegshi-ltx 2021/01/10 v1.0c Emulation of the original atbegshi
package with kernel methods
)
\Hy@abspage=\count337
\c@Item=\count338
\c@Hfootnote=\count339
)
Package hyperref Info: Driver: hpdftex.

(/usr/share/texmf-dist/tex/latex/hyperref/hpdftex.def
File: hpdftex.def 2024-01-20 v7.01h Hyperref driver for pdfTeX
\Fld@listcount=\count340
\c@bookmark@seq@number=\count341
\Hy@SectionHShift=\skip128
)
Package hyperref Info: Option `colorlinks' set `true' on input line 188.
Package hyperref Info: Option `unicode' set `true' on input line 188.

(/usr/share/texmf-dist/tex/latex/caption/caption.sty
Package: caption 2023/08/05 v3.6o Customizing captions (AR)

(/usr/share/texmf-dist/tex/latex/caption/caption3.sty
Package: caption3 2023/07/31 v2.4d caption3 kernel (AR)
\caption@tempdima=\dimen258
\captionmargin=\dimen259
\caption@leftmargin=\dimen260
\caption@rightmargin=\dimen261
\caption@width=\dimen262
\caption@indent=\dimen263
\caption@parindent=\dimen264
\caption@hangindent=\dimen265
Package caption Info: Standard document class detected.
)
\c@caption@flags=\count342
\c@continuedfloat=\count343
Package caption Info: changepage package is loaded.
\caption@adjustwidth@hsize=\dimen266
\caption@adjustwidth@linewidth=\dimen267
Package caption Info: float package is loaded.
Package caption Info: hyperref package is loaded.
Package caption Info: longtable package is loaded.

(/usr/share/texmf-dist/tex/latex/caption/ltcaption.sty
Package: ltcaption 2021/01/08 v1.4c longtable captions (AR)
))
(/usr/share/texmf-dist/tex/latex/etoc/etoc.sty
Package: etoc 2023/10/29 v1.2d Completely customisable TOCs (JFB)
\Etoc@toctoks=\toks36
\c@etoc@tocid=\count344
\etoc@framed@titlebox=\box121
\etoc@framed@contentsbox=\box122
)
LaTeX Font Info:    Trying to load font information for T1+phv on input line 21
0.

(/usr/share/texmf-dist/tex/latex/psnfss/t1phv.fd
File: t1phv.fd 2020/03/25 scalable font definitions for T1/phv.
)
LaTeX Font Info:    Font shape `T1/phv/m/n' will be
(Font)              scaled to size 8.99994pt on input line 210.

(/usr/share/texmf-dist/tex/latex/l3backend/l3backend-pdftex.def
File: l3backend-pdftex.def 2024-02-20 L3 backend support: PDF output (pdfTeX)
\l__color_backend_stack_int=\count345
\l__pdf_internal_box=\box123
) (./refman.aux)
\openout1 = `refman.aux'.

LaTeX Font Info:    Checking defaults for OML/cmm/m/it on input line 210.
LaTeX Font Info:    ... okay on input line 210.
LaTeX Font Info:    Checking defaults for OMS/cmsy/m/n on input line 210.
LaTeX Font Info:    ... okay on input line 210.
LaTeX Font Info:    Checking defaults for OT1/cmr/m/n on input line 210.
LaTeX Font Info:    ... okay on input line 210.
LaTeX Font Info:    Checking defaults for T1/cmr/m/n on input line 210.
LaTeX Font Info:    ... okay on input line 210.
LaTeX Font Info:    Checking defaults for TS1/cmr/m/n on input line 210.
LaTeX Font Info:    ... okay on input line 210.
LaTeX Font Info:    Checking defaults for OMX/cmex/m/n on input line 210.
LaTeX Font Info:    ... okay on input line 210.
LaTeX Font Info:    Checking defaults for U/cmr/m/n on input line 210.
LaTeX Font Info:    ... okay on input line 210.
LaTeX Font Info:    Checking defaults for PD1/pdf/m/n on input line 210.
LaTeX Font Info:    ... okay on input line 210.
LaTeX Font Info:    Checking defaults for PU/pdf/m/n on input line 210.
LaTeX Font Info:    ... okay on input line 210.
LaTeX Font Info:    Font shape `T1/phv/m/n' will be
(Font)              scaled to size 8.09995pt on input line 210.
(/usr/share/texmf-dist/tex/context/base/mkii/supp-pdf.mkii
[Loading MPS to PDF converter (version 2006.09.02).]
\scratchcounter=\count346
\scratchdimen=\dimen268
\scratchbox=\box124
\nofMPsegments=\count347
\nofMParguments=\count348
\everyMPshowfont=\toks37
\MPscratchCnt=\count349
\MPscratchDim=\dimen269
\MPnumerator=\count350
\makeMPintoPDFobject=\count351
\everyMPtoPDFconversion=\toks38
) (/usr/share/texmf-dist/tex/latex/epstopdf-pkg/epstopdf-base.sty
Package: epstopdf-base 2020-01-24 v2.11 Base part for package epstopdf
Package epstopdf-base Info: Redefining graphics rule for `.eps' on input line 4
85.

(/usr/share/texmf-dist/tex/latex/latexconfig/epstopdf-sys.cfg
File: epstopdf-sys.cfg 2010/07/13 v1.3 Configuration of (r)epstopdf for TeX Liv
e
))
*geometry* driver: auto-detecting
*geometry* detected driver: pdftex
*geometry* verbose mode - [ preamble ] result:
* driver: pdftex
* paper: a4paper
* layout: <same size as paper>
* layoutoffset:(h,v)=(0.0pt,0.0pt)
* modes: twoside 
* h-part:(L,W,R)=(71.13188pt, 455.24411pt, 71.13188pt)
* v-part:(T,H,B)=(71.13188pt, 702.78308pt, 71.13188pt)
* \paperwidth=597.50787pt
* \paperheight=845.04684pt
* \textwidth=455.24411pt
* \textheight=702.78308pt
* \oddsidemargin=-1.1381pt
* \evensidemargin=-1.1381pt
* \topmargin=-31.2056pt
* \headheight=12.0pt
* \headsep=18.06749pt
* \topskip=10.0pt
* \footskip=25.29494pt
* \marginparwidth=125.0pt
* \marginparsep=7.0pt
* \columnsep=10.0pt
* \skip\footins=9.0pt plus 4.0pt minus 2.0pt
* \hoffset=0.0pt
* \voffset=0.0pt
* \mag=1000
* \@twocolumnfalse
* \@twosidetrue
* \@mparswitchtrue
* \@reversemarginfalse
* (1in=72.27pt=25.4mm, 1cm=28.453pt)

Package backref Info: ** backref set up for natbib ** on input line 210.
Package hyperref Info: Link coloring ON on input line 210.
(./refman.out) (./refman.out)
\@outlinefile=\write5
\openout5 = `refman.out'.

Package caption Info: Begin \AtBeginDocument code.
Package caption Info: End \AtBeginDocument code.
\Etoc@tf=\read4
Package hyperref Info: Option `pageanchor' set `false' on input line 218.
Package hyperref Info: Option `bookmarksnumbered' set `true' on input line 218.

Package hyperref Info: Option `unicode' set `true' on input line 218.
LaTeX Font Info:    Font shape `T1/phv/m/n' will be
(Font)              scaled to size 10.79993pt on input line 223.
LaTeX Font Info:    Font shape `T1/phv/m/n' will be
(Font)              scaled to size 5.39996pt on input line 223.
LaTeX Font Info:    Trying to load font information for U+msa on input line 223
.
 (/usr/share/texmf-dist/tex/latex/amsfonts/umsa.fd
File: umsa.fd 2013/01/14 v3.01 AMS symbols A
)
LaTeX Font Info:    Trying to load font information for U+msb on input line 223
.
 (/usr/share/texmf-dist/tex/latex/amsfonts/umsb.fd
File: umsb.fd 2013/01/14 v3.01 AMS symbols B
)
LaTeX Font Info:    Trying to load font information for U+wasy on input line 22
3.

(/usr/share/texmf-dist/tex/latex/wasysym/uwasy.fd
File: uwasy.fd 2020/01/19 v2.4 Wasy-2 symbol font definitions
) [1


{/var/lib/texmf/fonts/map/pdftex/updmap/pdftex.map}{/usr/share/texmf-dist/fonts
/enc/dvips/base/8r.enc}]
[2

]
\tf@toc=\write6
\openout6 = `refman.toc'.

LaTeX Font Info:    Font shape `T1/phv/b/n' will be
(Font)              scaled to size 8.09995pt on input line 231.
LaTeX Font Info:    Font shape `T1/phv/b/n' will be
(Font)              scaled to size 8.99994pt on input line 231.
LaTeX Font Info:    Font shape `T1/phv/b/n' will be
(Font)              scaled to size 5.39996pt on input line 231.
 [1]
LaTeX Font Info:    Font shape `T1/phv/m/n' will be
(Font)              scaled to size 6.29996pt on input line 231.
LaTeX Font Info:    Trying to load font information for T1+pcr on input line 23
1.
 (/usr/share/texmf-dist/tex/latex/psnfss/t1pcr.fd
File: t1pcr.fd 2001/06/04 font definitions for T1/pcr.
) [2] [3] [4] [5]
[6]
Package hyperref Info: Option `pageanchor' set `true' on input line 234.
 (./index.tex
Chapter 1.
LaTeX Font Info:    Font shape `T1/phv/m/n' will be
(Font)              scaled to size 14.3999pt on input line 1.
LaTeX Font Info:    Font shape `T1/phv/b/n' will be
(Font)              scaled to size 14.3999pt on input line 1.
LaTeX Font Info:    Font shape `T1/phv/b/n' will be
(Font)              scaled to size 16.19989pt on input line 1.
 <./milanoCompressed.png>
<milanoCompressed.png, id=1182, 1827.82875pt x 367.3725pt>
File: milanoCompressed.png Graphic file (type png)
<use milanoCompressed.png>
Package pdftex.def Info: milanoCompressed.png  used on input line 9.
(pdftex.def)             Requested size: 54.72093pt x 11.0pt.
LaTeX Font Info:    Trying to load font information for TS1+phv on input line 1
3.
 (/usr/share/texmf-dist/tex/latex/psnfss/ts1phv.fd
File: ts1phv.fd 2020/03/25 scalable font definitions for TS1/phv.
)
LaTeX Font Info:    Font shape `TS1/phv/m/n' will be
(Font)              scaled to size 8.09995pt on input line 13.
LaTeX Font Info:    Font shape `T1/phv/b/n' will be
(Font)              scaled to size 10.79993pt on input line 13.
 <./mainMenuScreenshot.png (PNG copy)>
<mainMenuScreenshot.png, id=1187, 1608.0075pt x 380.42125pt>
File: mainMenuScreenshot.png Graphic file (type png)
<use mainMenuScreenshot.png>
Package pdftex.def Info: mainMenuScreenshot.png  used on input line 40.
(pdftex.def)             Requested size: 455.24442pt x 107.70139pt.
 [1


]

Package hyperref Warning: Difference (2) between bookmark levels is greater 
(hyperref)                than one, level fixed on input line 48.

 <./Albero-removebg-preview.png>
<Albero-removebg-preview.png, id=1201, 622.325pt x 403.5075pt>
File: Albero-removebg-preview.png Graphic file (type png)
<use Albero-removebg-preview.png>
Package pdftex.def Info: Albero-removebg-preview.png  used on input line 67.
(pdftex.def)             Requested size: 455.24306pt x 295.17372pt.
 [2] [3]) [4]
Chapter 2.
(./namespacekm.tex
LaTeX Font Info:    Font shape `T1/phv/m/n' will be
(Font)              scaled to size 7.19995pt on input line 12.
LaTeX Font Info:    Font shape `T1/phv/m/it' in size <8> not available
(Font)              Font shape `T1/phv/m/sl' tried instead on input line 12.
LaTeX Font Info:    Font shape `T1/phv/m/sl' will be
(Font)              scaled to size 7.19995pt on input line 12.
) (./namespacekm_1_1filesUtils.tex [5

]
LaTeX Font Info:    Font shape `T1/pcr/m/it' in size <7> not available
(Font)              Font shape `T1/pcr/m/sl' tried instead on input line 33.
LaTeX Font Info:    Font shape `T1/pcr/m/it' in size <6> not available
(Font)              Font shape `T1/pcr/m/sl' tried instead on input line 33.
 <./namespacekm_1_1filesUtils_a623d05ffa66beb3bf12abc6cac112487_cgraph.pdf>
<namespacekm_1_1filesUtils_a623d05ffa66beb3bf12abc6cac112487_cgraph.pdf, id=126
9, 409.53pt x 112.42pt>
File: namespacekm_1_1filesUtils_a623d05ffa66beb3bf12abc6cac112487_cgraph.pdf Gr
aphic file (type pdf)
<use namespacekm_1_1filesUtils_a623d05ffa66beb3bf12abc6cac112487_cgraph.pdf>
Package pdftex.def Info: namespacekm_1_1filesUtils_a623d05ffa66beb3bf12abc6cac1
12487_cgraph.pdf  used on input line 51.
(pdftex.def)             Requested size: 350.0pt x 96.08406pt.
 <./namespacekm_1_1filesUtils_a623d05ffa66beb3bf12abc6cac112487_icgraph.pdf>
<namespacekm_1_1filesUtils_a623d05ffa66beb3bf12abc6cac112487_icgraph.pdf, id=12
77, 326.21875pt x 100.375pt>
File: namespacekm_1_1filesUtils_a623d05ffa66beb3bf12abc6cac112487_icgraph.pdf G
raphic file (type pdf)
<use namespacekm_1_1filesUtils_a623d05ffa66beb3bf12abc6cac112487_icgraph.pdf>
Package pdftex.def Info: namespacekm_1_1filesUtils_a623d05ffa66beb3bf12abc6cac1
12487_icgraph.pdf  used on input line 59.
(pdftex.def)             Requested size: 325.0pt x 100.00868pt.
 [6] <./namespacekm_1_1filesUtils_ad2f18ea57b4e601ce8cfa2db15d8bbd7_icgraph.pdf
>
<namespacekm_1_1filesUtils_ad2f18ea57b4e601ce8cfa2db15d8bbd7_icgraph.pdf, id=13
03, 290.08376pt x 176.66pt>
File: namespacekm_1_1filesUtils_ad2f18ea57b4e601ce8cfa2db15d8bbd7_icgraph.pdf G
raphic file (type pdf)
<use namespacekm_1_1filesUtils_ad2f18ea57b4e601ce8cfa2db15d8bbd7_icgraph.pdf>
Package pdftex.def Info: namespacekm_1_1filesUtils_ad2f18ea57b4e601ce8cfa2db15d
8bbd7_icgraph.pdf  used on input line 77.
(pdftex.def)             Requested size: 289.0pt x 176.00992pt.

Underfull \hbox (badness 10000) detected at line 97
[][][]
 []

 <./namespacekm_1_1filesUtils_ae4460cd35ec43306592474e9dd919a16_icgraph.pdf>
<namespacekm_1_1filesUtils_ae4460cd35ec43306592474e9dd919a16_icgraph.pdf, id=13
11, 482.80376pt x 112.42pt>
File: namespacekm_1_1filesUtils_ae4460cd35ec43306592474e9dd919a16_icgraph.pdf G
raphic file (type pdf)
<use namespacekm_1_1filesUtils_ae4460cd35ec43306592474e9dd919a16_icgraph.pdf>
Package pdftex.def Info: namespacekm_1_1filesUtils_ae4460cd35ec43306592474e9dd9
19a16_icgraph.pdf  used on input line 105.
(pdftex.def)             Requested size: 350.0pt x 81.49983pt.

[7]
Underfull \hbox (badness 10000) detected at line 125
[][][]
 []

 <./namespacekm_1_1filesUtils_a210cdb1e22d18e8fa05c3a4c0d9708e2_icgraph.pdf>
<namespacekm_1_1filesUtils_a210cdb1e22d18e8fa05c3a4c0d9708e2_icgraph.pdf, id=13
27, 296.10625pt x 100.375pt>
File: namespacekm_1_1filesUtils_a210cdb1e22d18e8fa05c3a4c0d9708e2_icgraph.pdf G
raphic file (type pdf)
<use namespacekm_1_1filesUtils_a210cdb1e22d18e8fa05c3a4c0d9708e2_icgraph.pdf>
Package pdftex.def Info: namespacekm_1_1filesUtils_a210cdb1e22d18e8fa05c3a4c0d9
708e2_icgraph.pdf  used on input line 133.
(pdftex.def)             Requested size: 295.0pt x 100.00255pt.

[8] <./namespacekm_1_1filesUtils_a53d25bfe40b892af0c4f049bdb6a5773_icgraph.pdf>
<namespacekm_1_1filesUtils_a53d25bfe40b892af0c4f049bdb6a5773_icgraph.pdf, id=13
45, 298.11375pt x 138.5175pt>
File: namespacekm_1_1filesUtils_a53d25bfe40b892af0c4f049bdb6a5773_icgraph.pdf G
raphic file (type pdf)
<use namespacekm_1_1filesUtils_a53d25bfe40b892af0c4f049bdb6a5773_icgraph.pdf>
Package pdftex.def Info: namespacekm_1_1filesUtils_a53d25bfe40b892af0c4f049bdb6
a5773_icgraph.pdf  used on input line 166.
(pdftex.def)             Requested size: 297.0pt x 138.00777pt.
) (./namespacekm_1_1imageUtils.tex [9] <./namespacekm_1_1imageUtils_aef1b51decb
f6f0f0ca5c53e20ebbfadb_cgraph.pdf>
<namespacekm_1_1imageUtils_aef1b51decbf6f0f0ca5c53e20ebbfadb_cgraph.pdf, id=136
9, 410.53375pt x 313.17pt>
File: namespacekm_1_1imageUtils_aef1b51decbf6f0f0ca5c53e20ebbfadb_cgraph.pdf Gr
aphic file (type pdf)
<use namespacekm_1_1imageUtils_aef1b51decbf6f0f0ca5c53e20ebbfadb_cgraph.pdf>
Package pdftex.def Info: namespacekm_1_1imageUtils_aef1b51decbf6f0f0ca5c53e20eb
bfadb_cgraph.pdf  used on input line 51.
(pdftex.def)             Requested size: 350.0pt x 266.98898pt.
 <./namespacekm_1_1imageUtils_aef1b51decbf6f0f0ca5c53e20ebbfadb_icgraph.pdf>
<namespacekm_1_1imageUtils_aef1b51decbf6f0f0ca5c53e20ebbfadb_icgraph.pdf, id=13
77, 299.1175pt x 138.5175pt>
File: namespacekm_1_1imageUtils_aef1b51decbf6f0f0ca5c53e20ebbfadb_icgraph.pdf G
raphic file (type pdf)
<use namespacekm_1_1imageUtils_aef1b51decbf6f0f0ca5c53e20ebbfadb_icgraph.pdf>
Package pdftex.def Info: namespacekm_1_1imageUtils_aef1b51decbf6f0f0ca5c53e20eb
bfadb_icgraph.pdf  used on input line 59.
(pdftex.def)             Requested size: 298.0pt x 138.00987pt.
 [10] <./namespacekm_1_1imageUtils_a5a09c5c3205050498f807852bafe244f_icgraph.pd
f>
<namespacekm_1_1imageUtils_a5a09c5c3205050498f807852bafe244f_icgraph.pdf, id=13
94, 291.0875pt x 138.5175pt>
File: namespacekm_1_1imageUtils_a5a09c5c3205050498f807852bafe244f_icgraph.pdf G
raphic file (type pdf)
<use namespacekm_1_1imageUtils_a5a09c5c3205050498f807852bafe244f_icgraph.pdf>
Package pdftex.def Info: namespacekm_1_1imageUtils_a5a09c5c3205050498f807852baf
e244f_icgraph.pdf  used on input line 86.
(pdftex.def)             Requested size: 290.0pt x 138.00987pt.
 <./namespacekm_1_1imageUtils_aa01205ffe26b0f4c815d5750a4ff0e1c_cgraph.pdf>
<namespacekm_1_1imageUtils_aa01205ffe26b0f4c815d5750a4ff0e1c_cgraph.pdf, id=140
2, 419.5675pt x 112.42pt>
File: namespacekm_1_1imageUtils_aa01205ffe26b0f4c815d5750a4ff0e1c_cgraph.pdf Gr
aphic file (type pdf)
<use namespacekm_1_1imageUtils_aa01205ffe26b0f4c815d5750a4ff0e1c_cgraph.pdf>
Package pdftex.def Info: namespacekm_1_1imageUtils_aa01205ffe26b0f4c815d5750a4f
f0e1c_cgraph.pdf  used on input line 111.
(pdftex.def)             Requested size: 350.0pt x 93.7803pt.
 <./namespacekm_1_1imageUtils_aa01205ffe26b0f4c815d5750a4ff0e1c_icgraph.pdf>
<namespacekm_1_1imageUtils_aa01205ffe26b0f4c815d5750a4ff0e1c_icgraph.pdf, id=14
10, 303.1325pt x 138.5175pt>
File: namespacekm_1_1imageUtils_aa01205ffe26b0f4c815d5750a4ff0e1c_icgraph.pdf G
raphic file (type pdf)
<use namespacekm_1_1imageUtils_aa01205ffe26b0f4c815d5750a4ff0e1c_icgraph.pdf>
Package pdftex.def Info: namespacekm_1_1imageUtils_aa01205ffe26b0f4c815d5750a4f
f0e1c_icgraph.pdf  used on input line 119.
(pdftex.def)             Requested size: 302.0pt x 138.00142pt.
) (./namespacekm_1_1utilsCLI.tex [11] <./namespacekm_1_1utilsCLI_a49ee3c94571b6
2a729a2ba98db2b1a52_icgraph.pdf>
<namespacekm_1_1utilsCLI_a49ee3c94571b62a729a2ba98db2b1a52_icgraph.pdf, id=1435
, 295.1025pt x 100.375pt>
File: namespacekm_1_1utilsCLI_a49ee3c94571b62a729a2ba98db2b1a52_icgraph.pdf Gra
phic file (type pdf)
<use namespacekm_1_1utilsCLI_a49ee3c94571b62a729a2ba98db2b1a52_icgraph.pdf>
Package pdftex.def Info: namespacekm_1_1utilsCLI_a49ee3c94571b62a729a2ba98db2b1
a52_icgraph.pdf  used on input line 44.
(pdftex.def)             Requested size: 294.0pt x 100.00255pt.
 [12] <./namespacekm_1_1utilsCLI_abc310e29d2e842694962a675c676c718_icgraph.pdf>
<namespacekm_1_1utilsCLI_abc310e29d2e842694962a675c676c718_icgraph.pdf, id=1457
, 325.215pt x 100.375pt>
File: namespacekm_1_1utilsCLI_abc310e29d2e842694962a675c676c718_icgraph.pdf Gra
phic file (type pdf)
<use namespacekm_1_1utilsCLI_abc310e29d2e842694962a675c676c718_icgraph.pdf>
Package pdftex.def Info: namespacekm_1_1utilsCLI_abc310e29d2e842694962a675c676c
718_icgraph.pdf  used on input line 71.
(pdftex.def)             Requested size: 324.0pt x 100.00716pt.
 <./namespacekm_1_1utilsCLI_a587fc1cc3f9761ff58bd6e70f90bd1a1_icgraph.pdf>
<namespacekm_1_1utilsCLI_a587fc1cc3f9761ff58bd6e70f90bd1a1_icgraph.pdf, id=1465
, 306.14375pt x 100.375pt>
File: namespacekm_1_1utilsCLI_a587fc1cc3f9761ff58bd6e70f90bd1a1_icgraph.pdf Gra
phic file (type pdf)
<use namespacekm_1_1utilsCLI_a587fc1cc3f9761ff58bd6e70f90bd1a1_icgraph.pdf>
Package pdftex.def Info: namespacekm_1_1utilsCLI_a587fc1cc3f9761ff58bd6e70f90bd
1a1_icgraph.pdf  used on input line 89.
(pdftex.def)             Requested size: 305.0pt x 100.00562pt.
 [13] <./namespacekm_1_1utilsCLI_ae362e74bbc04f2d92c857f4cb9c1373d_icgraph.pdf>
<namespacekm_1_1utilsCLI_ae362e74bbc04f2d92c857f4cb9c1373d_icgraph.pdf, id=1481
, 306.14375pt x 138.5175pt>
File: namespacekm_1_1utilsCLI_ae362e74bbc04f2d92c857f4cb9c1373d_icgraph.pdf Gra
phic file (type pdf)
<use namespacekm_1_1utilsCLI_ae362e74bbc04f2d92c857f4cb9c1373d_icgraph.pdf>
Package pdftex.def Info: namespacekm_1_1utilsCLI_ae362e74bbc04f2d92c857f4cb9c13
73d_icgraph.pdf  used on input line 122.
(pdftex.def)             Requested size: 305.0pt x 138.00777pt.
 <./namespacekm_1_1utilsCLI_ac67f75f5e367779691a03add1dceaaa7_icgraph.pdf>
<namespacekm_1_1utilsCLI_ac67f75f5e367779691a03add1dceaaa7_icgraph.pdf, id=1489
, 274.02374pt x 176.66pt>
File: namespacekm_1_1utilsCLI_ac67f75f5e367779691a03add1dceaaa7_icgraph.pdf Gra
phic file (type pdf)
<use namespacekm_1_1utilsCLI_ac67f75f5e367779691a03add1dceaaa7_icgraph.pdf>
Package pdftex.def Info: namespacekm_1_1utilsCLI_ac67f75f5e367779691a03add1dcea
aa7_icgraph.pdf  used on input line 140.
(pdftex.def)             Requested size: 273.0pt x 176.0126pt.
) [14] [15] [16

]
Chapter 3.
(./classkm_1_1ConfigReader.tex <./classkm_1_1ConfigReader__coll__graph.pdf>
<classkm_1_1ConfigReader__coll__graph.pdf, id=1515, 247.92625pt x 698.61pt>
File: classkm_1_1ConfigReader__coll__graph.pdf Graphic file (type pdf)
<use classkm_1_1ConfigReader__coll__graph.pdf>
Package pdftex.def Info: classkm_1_1ConfigReader__coll__graph.pdf  used on inpu
t line 19.
(pdftex.def)             Requested size: 195.19756pt x 550.0pt.

[17] [18] [19] <./classkm_1_1ConfigReader_a90c639b06e53c898c9f394deee245a36_cgr
aph.pdf>
<classkm_1_1ConfigReader_a90c639b06e53c898c9f394deee245a36_cgraph.pdf, id=1589,
 412.54124pt x 112.42pt>
File: classkm_1_1ConfigReader_a90c639b06e53c898c9f394deee245a36_cgraph.pdf Grap
hic file (type pdf)
<use classkm_1_1ConfigReader_a90c639b06e53c898c9f394deee245a36_cgraph.pdf>
Package pdftex.def Info: classkm_1_1ConfigReader_a90c639b06e53c898c9f394deee245
a36_cgraph.pdf  used on input line 96.
(pdftex.def)             Requested size: 350.0pt x 95.37904pt.

Underfull \hbox (badness 10000) detected at line 118
[][][]
 []

 <./classkm_1_1ConfigReader_a15bc4894d9b8398a19ced91b3b75867e_icgraph.pdf>
<classkm_1_1ConfigReader_a15bc4894d9b8398a19ced91b3b75867e_icgraph.pdf, id=1597
, 292.09125pt x 112.42pt>
File: classkm_1_1ConfigReader_a15bc4894d9b8398a19ced91b3b75867e_icgraph.pdf Gra
phic file (type pdf)
<use classkm_1_1ConfigReader_a15bc4894d9b8398a19ced91b3b75867e_icgraph.pdf>
Package pdftex.def Info: classkm_1_1ConfigReader_a15bc4894d9b8398a19ced91b3b758
67e_icgraph.pdf  used on input line 126.
(pdftex.def)             Requested size: 291.0pt x 112.00974pt.

Underfull \hbox (badness 10000) detected at line 139
[][][]
 []

 <./classkm_1_1ConfigReader_acbca77b6a8383ac0ae6c28f1a34e2259_icgraph.pdf>
<classkm_1_1ConfigReader_acbca77b6a8383ac0ae6c28f1a34e2259_icgraph.pdf, id=1605
, 327.2225pt x 112.42pt>
File: classkm_1_1ConfigReader_acbca77b6a8383ac0ae6c28f1a34e2259_icgraph.pdf Gra
phic file (type pdf)
<use classkm_1_1ConfigReader_acbca77b6a8383ac0ae6c28f1a34e2259_icgraph.pdf>
Package pdftex.def Info: classkm_1_1ConfigReader_acbca77b6a8383ac0ae6c28f1a34e2
259_icgraph.pdf  used on input line 147.
(pdftex.def)             Requested size: 326.0pt x 111.99945pt.

[20]
Underfull \hbox (badness 10000) detected at line 160
[][][]
 []

 <./classkm_1_1ConfigReader_a532eced302fd72113c7359aa1d08faab_icgraph.pdf>
<classkm_1_1ConfigReader_a532eced302fd72113c7359aa1d08faab_icgraph.pdf, id=1620
, 470.75874pt x 138.5175pt>
File: classkm_1_1ConfigReader_a532eced302fd72113c7359aa1d08faab_icgraph.pdf Gra
phic file (type pdf)
<use classkm_1_1ConfigReader_a532eced302fd72113c7359aa1d08faab_icgraph.pdf>
Package pdftex.def Info: classkm_1_1ConfigReader_a532eced302fd72113c7359aa1d08f
aab_icgraph.pdf  used on input line 168.
(pdftex.def)             Requested size: 350.0pt x 102.98535pt.

Underfull \hbox (badness 10000) detected at line 181
[][][]
 []

 <./classkm_1_1ConfigReader_a787856a51a8817148108650a664f5738_icgraph.pdf>
<classkm_1_1ConfigReader_a787856a51a8817148108650a664f5738_icgraph.pdf, id=1628
, 470.75874pt x 138.5175pt>
File: classkm_1_1ConfigReader_a787856a51a8817148108650a664f5738_icgraph.pdf Gra
phic file (type pdf)
<use classkm_1_1ConfigReader_a787856a51a8817148108650a664f5738_icgraph.pdf>
Package pdftex.def Info: classkm_1_1ConfigReader_a787856a51a8817148108650a664f5
738_icgraph.pdf  used on input line 189.
(pdftex.def)             Requested size: 350.0pt x 102.98535pt.

[21]
Underfull \hbox (badness 10000) detected at line 202
[][][]
 []

 <./classkm_1_1ConfigReader_a0a13dd20b33346486e13a87a9a52e4e5_icgraph.pdf>
<classkm_1_1ConfigReader_a0a13dd20b33346486e13a87a9a52e4e5_icgraph.pdf, id=1643
, 478.78876pt x 138.5175pt>
File: classkm_1_1ConfigReader_a0a13dd20b33346486e13a87a9a52e4e5_icgraph.pdf Gra
phic file (type pdf)
<use classkm_1_1ConfigReader_a0a13dd20b33346486e13a87a9a52e4e5_icgraph.pdf>
Package pdftex.def Info: classkm_1_1ConfigReader_a0a13dd20b33346486e13a87a9a52e
4e5_icgraph.pdf  used on input line 210.
(pdftex.def)             Requested size: 350.0pt x 101.25853pt.

Underfull \hbox (badness 10000) detected at line 223
[][][]
 []

 <./classkm_1_1ConfigReader_a237ced5b25d092bc8de9b55953f923be_icgraph.pdf>
<classkm_1_1ConfigReader_a237ced5b25d092bc8de9b55953f923be_icgraph.pdf, id=1651
, 291.0875pt x 112.42pt>
File: classkm_1_1ConfigReader_a237ced5b25d092bc8de9b55953f923be_icgraph.pdf Gra
phic file (type pdf)
<use classkm_1_1ConfigReader_a237ced5b25d092bc8de9b55953f923be_icgraph.pdf>
Package pdftex.def Info: classkm_1_1ConfigReader_a237ced5b25d092bc8de9b55953f92
3be_icgraph.pdf  used on input line 231.
(pdftex.def)             Requested size: 290.0pt x 112.00803pt.

[22]
Underfull \hbox (badness 10000) detected at line 244
[][][]
 []

 <./classkm_1_1ConfigReader_a6067e8491ad1fdbb5f62b33ef215208e_icgraph.pdf>
<classkm_1_1ConfigReader_a6067e8491ad1fdbb5f62b33ef215208e_icgraph.pdf, id=1667
, 492.84125pt x 138.5175pt>
File: classkm_1_1ConfigReader_a6067e8491ad1fdbb5f62b33ef215208e_icgraph.pdf Gra
phic file (type pdf)
<use classkm_1_1ConfigReader_a6067e8491ad1fdbb5f62b33ef215208e_icgraph.pdf>
Package pdftex.def Info: classkm_1_1ConfigReader_a6067e8491ad1fdbb5f62b33ef2152
08e_icgraph.pdf  used on input line 252.
(pdftex.def)             Requested size: 350.0pt x 98.37558pt.

Underfull \hbox (badness 10000) detected at line 265
[][][]
 []

 <./classkm_1_1ConfigReader_a12968b54f38b17586d6e65be5158d275_icgraph.pdf>
<classkm_1_1ConfigReader_a12968b54f38b17586d6e65be5158d275_icgraph.pdf, id=1675
, 483.8075pt x 138.5175pt>
File: classkm_1_1ConfigReader_a12968b54f38b17586d6e65be5158d275_icgraph.pdf Gra
phic file (type pdf)
<use classkm_1_1ConfigReader_a12968b54f38b17586d6e65be5158d275_icgraph.pdf>
Package pdftex.def Info: classkm_1_1ConfigReader_a12968b54f38b17586d6e65be5158d
275_icgraph.pdf  used on input line 273.
(pdftex.def)             Requested size: 350.0pt x 100.2123pt.

[23]
Underfull \hbox (badness 10000) detected at line 286
[][][]
 []

 <./classkm_1_1ConfigReader_a0e355597d2a6f4c1f01e91da11fbd577_icgraph.pdf>
<classkm_1_1ConfigReader_a0e355597d2a6f4c1f01e91da11fbd577_icgraph.pdf, id=1691
, 472.76625pt x 138.5175pt>
File: classkm_1_1ConfigReader_a0e355597d2a6f4c1f01e91da11fbd577_icgraph.pdf Gra
phic file (type pdf)
<use classkm_1_1ConfigReader_a0e355597d2a6f4c1f01e91da11fbd577_icgraph.pdf>
Package pdftex.def Info: classkm_1_1ConfigReader_a0e355597d2a6f4c1f01e91da11fbd
577_icgraph.pdf  used on input line 294.
(pdftex.def)             Requested size: 350.0pt x 102.54994pt.

Underfull \hbox (badness 10000) detected at line 307
[][][]
 []

 <./classkm_1_1ConfigReader_a19f406128a55836228ef667670ecfe50_icgraph.pdf>
<classkm_1_1ConfigReader_a19f406128a55836228ef667670ecfe50_icgraph.pdf, id=1699
, 412.54124pt x 112.42pt>
File: classkm_1_1ConfigReader_a19f406128a55836228ef667670ecfe50_icgraph.pdf Gra
phic file (type pdf)
<use classkm_1_1ConfigReader_a19f406128a55836228ef667670ecfe50_icgraph.pdf>
Package pdftex.def Info: classkm_1_1ConfigReader_a19f406128a55836228ef667670ecf
e50_icgraph.pdf  used on input line 315.
(pdftex.def)             Requested size: 350.0pt x 95.37904pt.

[24] [25]) (./classkm_1_1KMeansBase.tex <./classkm_1_1KMeansBase__inherit__grap
h.pdf>
<classkm_1_1KMeansBase__inherit__graph.pdf, id=1722, 480.79625pt x 614.295pt>
File: classkm_1_1KMeansBase__inherit__graph.pdf Graphic file (type pdf)
<use classkm_1_1KMeansBase__inherit__graph.pdf>
Package pdftex.def Info: classkm_1_1KMeansBase__inherit__graph.pdf  used on inp
ut line 14.
(pdftex.def)             Requested size: 350.0pt x 447.19432pt.
 [26] <./classkm_1_1KMeansBase__coll__graph.pdf>
<classkm_1_1KMeansBase__coll__graph.pdf, id=1736, 215.80624pt x 385.44pt>
File: classkm_1_1KMeansBase__coll__graph.pdf Graphic file (type pdf)
<use classkm_1_1KMeansBase__coll__graph.pdf>
Package pdftex.def Info: classkm_1_1KMeansBase__coll__graph.pdf  used on input 
line 24.
(pdftex.def)             Requested size: 215.0pt x 384.00989pt.
 [27] [28]
Overfull \hbox (737.55502pt too wide) in paragraph at lines 60--60
[]   \T1/pcr/m/n/7 @details The KMeansBase class, part of the km namespace, ser
ves as a foundational class for implementing the K-means clustering algorithm. 
It is designed to manage and execute the clustering process, providing a base f
or derived classes to build upon with specific implementations.[] 
 []

LaTeX Font Info:    Font shape `T1/phv/b/n' will be
(Font)              scaled to size 6.29996pt on input line 71.
[29]
Underfull \hbox (badness 10000) detected at line 124
[][][]
 []

 <./classkm_1_1KMeansBase_ac0ecde9c25587ef197069159c0b545df_icgraph.pdf>
<classkm_1_1KMeansBase_ac0ecde9c25587ef197069159c0b545df_icgraph.pdf, id=1807, 
310.15875pt x 100.375pt>
File: classkm_1_1KMeansBase_ac0ecde9c25587ef197069159c0b545df_icgraph.pdf Graph
ic file (type pdf)
<use classkm_1_1KMeansBase_ac0ecde9c25587ef197069159c0b545df_icgraph.pdf>
Package pdftex.def Info: classkm_1_1KMeansBase_ac0ecde9c25587ef197069159c0b545d
f_icgraph.pdf  used on input line 132.
(pdftex.def)             Requested size: 309.0pt x 99.9995pt.

Underfull \hbox (badness 10000) detected at line 145
[][][]
 []

 <./classkm_1_1KMeansBase_a48d1ee4a7a671b200995c611fd349cd3_icgraph.pdf>
<classkm_1_1KMeansBase_a48d1ee4a7a671b200995c611fd349cd3_icgraph.pdf, id=1815, 
308.15125pt x 100.375pt>
File: classkm_1_1KMeansBase_a48d1ee4a7a671b200995c611fd349cd3_icgraph.pdf Graph
ic file (type pdf)
<use classkm_1_1KMeansBase_a48d1ee4a7a671b200995c611fd349cd3_icgraph.pdf>
Package pdftex.def Info: classkm_1_1KMeansBase_a48d1ee4a7a671b200995c611fd349cd
3_icgraph.pdf  used on input line 153.
(pdftex.def)             Requested size: 307.0pt x 100.00716pt.

Underfull \hbox (badness 10000) detected at line 166
[][][]
 []

 <./classkm_1_1KMeansBase_a5ec2ecf08e285a5e2d34b766b353ce1f_icgraph.pdf>
<classkm_1_1KMeansBase_a5ec2ecf08e285a5e2d34b766b353ce1f_icgraph.pdf, id=1825, 
295.1025pt x 100.375pt>
File: classkm_1_1KMeansBase_a5ec2ecf08e285a5e2d34b766b353ce1f_icgraph.pdf Graph
ic file (type pdf)
<use classkm_1_1KMeansBase_a5ec2ecf08e285a5e2d34b766b353ce1f_icgraph.pdf>
Package pdftex.def Info: classkm_1_1KMeansBase_a5ec2ecf08e285a5e2d34b766b353ce1
f_icgraph.pdf  used on input line 174.
(pdftex.def)             Requested size: 294.0pt x 100.00255pt.

[30]) (./classkm_1_1KMeansCUDA.tex <./classkm_1_1KMeansCUDA__coll__graph.pdf>
<classkm_1_1KMeansCUDA__coll__graph.pdf, id=1848, 203.76125pt x 373.395pt>
File: classkm_1_1KMeansCUDA__coll__graph.pdf Graphic file (type pdf)
<use classkm_1_1KMeansCUDA__coll__graph.pdf>
Package pdftex.def Info: classkm_1_1KMeansCUDA__coll__graph.pdf  used on input 
line 10.
(pdftex.def)             Requested size: 203.0pt x 372.01527pt.

[31] [32]
Overfull \hbox (1136.55473pt too wide) in paragraph at lines 46--46
[]   \T1/pcr/m/n/7 @details The KMeansCUDA class, located in the km namespace, 
is designed to implement the K-means clustering algorithm using CUDA for enhanc
ed performance through parallel processing on GPUs. This class extends the func
tionality of traditional K-means clustering by leveraging CUDA to accelerate co
mputations, making it suitable for large datasets and complex clustering tasks.
[] 
 []


Underfull \hbox (badness 10000) detected at line 83
[][][]
 []

 <./classkm_1_1KMeansCUDA_a89841b99536b3dfa0df3f169a465ac19_icgraph.pdf>
<classkm_1_1KMeansCUDA_a89841b99536b3dfa0df3f169a465ac19_icgraph.pdf, id=1899, 
316.18124pt x 100.375pt>
File: classkm_1_1KMeansCUDA_a89841b99536b3dfa0df3f169a465ac19_icgraph.pdf Graph
ic file (type pdf)
<use classkm_1_1KMeansCUDA_a89841b99536b3dfa0df3f169a465ac19_icgraph.pdf>
Package pdftex.def Info: classkm_1_1KMeansCUDA_a89841b99536b3dfa0df3f169a465ac1
9_icgraph.pdf  used on input line 91.
(pdftex.def)             Requested size: 315.0pt x 100.00716pt.

[33]
Underfull \hbox (badness 10000) detected at line 104
[][][]
 []

 <./classkm_1_1KMeansCUDA_a2dbd2d4266644116e8783f5aa5b34869_icgraph.pdf>
<classkm_1_1KMeansCUDA_a2dbd2d4266644116e8783f5aa5b34869_icgraph.pdf, id=1920, 
315.1775pt x 100.375pt>
File: classkm_1_1KMeansCUDA_a2dbd2d4266644116e8783f5aa5b34869_icgraph.pdf Graph
ic file (type pdf)
<use classkm_1_1KMeansCUDA_a2dbd2d4266644116e8783f5aa5b34869_icgraph.pdf>
Package pdftex.def Info: classkm_1_1KMeansCUDA_a2dbd2d4266644116e8783f5aa5b3486
9_icgraph.pdf  used on input line 112.
(pdftex.def)             Requested size: 314.0pt x 100.00562pt.

Underfull \hbox (badness 10000) detected at line 125
[][][]
 []

 <./classkm_1_1KMeansCUDA_a9ec0cacc3e692cd39b8285982a238dea_icgraph.pdf>
<classkm_1_1KMeansCUDA_a9ec0cacc3e692cd39b8285982a238dea_icgraph.pdf, id=1929, 
302.12875pt x 100.375pt>
File: classkm_1_1KMeansCUDA_a9ec0cacc3e692cd39b8285982a238dea_icgraph.pdf Graph
ic file (type pdf)
<use classkm_1_1KMeansCUDA_a9ec0cacc3e692cd39b8285982a238dea_icgraph.pdf>
Package pdftex.def Info: classkm_1_1KMeansCUDA_a9ec0cacc3e692cd39b8285982a238de
a_icgraph.pdf  used on input line 133.
(pdftex.def)             Requested size: 301.0pt x 99.9995pt.

[34] <./classkm_1_1KMeansCUDA_a4d748e05b8ebad9ec535d0c33ec3f3ab_cgraph.pdf>
<classkm_1_1KMeansCUDA_a4d748e05b8ebad9ec535d0c33ec3f3ab_cgraph.pdf, id=1944, 3
61.35pt x 176.66pt>
File: classkm_1_1KMeansCUDA_a4d748e05b8ebad9ec535d0c33ec3f3ab_cgraph.pdf Graphi
c file (type pdf)
<use classkm_1_1KMeansCUDA_a4d748e05b8ebad9ec535d0c33ec3f3ab_cgraph.pdf>
Package pdftex.def Info: classkm_1_1KMeansCUDA_a4d748e05b8ebad9ec535d0c33ec3f3a
b_cgraph.pdf  used on input line 171.
(pdftex.def)             Requested size: 350.0pt x 171.11198pt.
 <./classkm_1_1KMeansCUDA_a4d748e05b8ebad9ec535d0c33ec3f3ab_icgraph.pdf>
<classkm_1_1KMeansCUDA_a4d748e05b8ebad9ec535d0c33ec3f3ab_icgraph.pdf, id=1952, 
274.02374pt x 100.375pt>
File: classkm_1_1KMeansCUDA_a4d748e05b8ebad9ec535d0c33ec3f3ab_icgraph.pdf Graph
ic file (type pdf)
<use classkm_1_1KMeansCUDA_a4d748e05b8ebad9ec535d0c33ec3f3ab_icgraph.pdf>
Package pdftex.def Info: classkm_1_1KMeansCUDA_a4d748e05b8ebad9ec535d0c33ec3f3a
b_icgraph.pdf  used on input line 179.
(pdftex.def)             Requested size: 273.0pt x 100.00716pt.
 [35])
(./classkm_1_1KMeansMPI.tex <./classkm_1_1KMeansMPI__inherit__graph.pdf>
<classkm_1_1KMeansMPI__inherit__graph.pdf, id=1972, 215.80624pt x 614.295pt>
File: classkm_1_1KMeansMPI__inherit__graph.pdf Graphic file (type pdf)
<use classkm_1_1KMeansMPI__inherit__graph.pdf>
Package pdftex.def Info: classkm_1_1KMeansMPI__inherit__graph.pdf  used on inpu
t line 14.
(pdftex.def)             Requested size: 193.22935pt x 550.0pt.

[36] <./classkm_1_1KMeansMPI__coll__graph.pdf>
<classkm_1_1KMeansMPI__coll__graph.pdf, id=1989, 215.80624pt x 614.295pt>
File: classkm_1_1KMeansMPI__coll__graph.pdf Graphic file (type pdf)
<use classkm_1_1KMeansMPI__coll__graph.pdf>
Package pdftex.def Info: classkm_1_1KMeansMPI__coll__graph.pdf  used on input l
ine 24.
(pdftex.def)             Requested size: 193.22935pt x 550.0pt.
 [37] [38]
Overfull \hbox (1161.75471pt too wide) in paragraph at lines 73--73
[]   \T1/pcr/m/n/7 @details The KMeansMPI class, located in the km namespace, i
s designed to implement the K-means clustering algorithm using MPI (Message Pas
sing Interface) for parallel and distributed computing. This class extends the 
base KMeansBase class to enable clustering operations across multiple processes
, leveraging MPI to handle large-scale data and computational tasks more effici
ently.[] 
 []

[39]) (./classkm_1_1KMeansOMP.tex <./classkm_1_1KMeansOMP__inherit__graph.pdf>
<classkm_1_1KMeansOMP__inherit__graph.pdf, id=2069, 215.80624pt x 513.92pt>
File: classkm_1_1KMeansOMP__inherit__graph.pdf Graphic file (type pdf)
<use classkm_1_1KMeansOMP__inherit__graph.pdf>
Package pdftex.def Info: classkm_1_1KMeansOMP__inherit__graph.pdf  used on inpu
t line 14.
(pdftex.def)             Requested size: 215.0pt x 512.01317pt.

[40] <./classkm_1_1KMeansOMP__coll__graph.pdf>
<classkm_1_1KMeansOMP__coll__graph.pdf, id=2085, 215.80624pt x 513.92pt>
File: classkm_1_1KMeansOMP__coll__graph.pdf Graphic file (type pdf)
<use classkm_1_1KMeansOMP__coll__graph.pdf>
Package pdftex.def Info: classkm_1_1KMeansOMP__coll__graph.pdf  used on input l
ine 24.
(pdftex.def)             Requested size: 215.0pt x 512.01317pt.
 [41] [42]
Overfull \hbox (1119.75475pt too wide) in paragraph at lines 66--66
[]   \T1/pcr/m/n/7 @details The KMeansOMP class, part of the km namespace, is d
esigned to implement the K-means clustering algorithm using OpenMP, a parallel 
programming model for shared-memory architectures. This class extends the KMean
sBase class to utilize OpenMP for parallelizing the clustering process, which c
an significantly speed up computations by leveraging multi-core processors.[] 
 []

 <./classkm_1_1KMeansOMP_a8bb6bca3f78d72b3976d27e1abf28e06_icgraph.pdf>
<classkm_1_1KMeansOMP_a8bb6bca3f78d72b3976d27e1abf28e06_icgraph.pdf, id=2143, 2
68.00125pt x 100.375pt>
File: classkm_1_1KMeansOMP_a8bb6bca3f78d72b3976d27e1abf28e06_icgraph.pdf Graphi
c file (type pdf)
<use classkm_1_1KMeansOMP_a8bb6bca3f78d72b3976d27e1abf28e06_icgraph.pdf>
Package pdftex.def Info: classkm_1_1KMeansOMP_a8bb6bca3f78d72b3976d27e1abf28e06
_icgraph.pdf  used on input line 114.
(pdftex.def)             Requested size: 267.0pt x 99.9995pt.

[43]) (./classkm_1_1KMeansSequential.tex <./classkm_1_1KMeansSequential__inheri
t__graph.pdf>
<classkm_1_1KMeansSequential__inherit__graph.pdf, id=2160, 215.80624pt x 513.92
pt>
File: classkm_1_1KMeansSequential__inherit__graph.pdf Graphic file (type pdf)
<use classkm_1_1KMeansSequential__inherit__graph.pdf>
Package pdftex.def Info: classkm_1_1KMeansSequential__inherit__graph.pdf  used 
on input line 14.
(pdftex.def)             Requested size: 215.0pt x 512.01317pt.
 [44] <./classkm_1_1KMeansSequential__coll__graph.pdf>
<classkm_1_1KMeansSequential__coll__graph.pdf, id=2176, 215.80624pt x 513.92pt>

File: classkm_1_1KMeansSequential__coll__graph.pdf Graphic file (type pdf)
<use classkm_1_1KMeansSequential__coll__graph.pdf>
Package pdftex.def Info: classkm_1_1KMeansSequential__coll__graph.pdf  used on 
input line 24.
(pdftex.def)             Requested size: 215.0pt x 512.01317pt.
 [45]
[46]
Overfull \hbox (888.75491pt too wide) in paragraph at lines 66--66
[]   \T1/pcr/m/n/7 @details The KMeansSequential class, within the km namespace
, provides a straightforward implementation of the K-means clustering algorithm
. This class extends the KMeansBase class to implement the algorithm in a seque
ntial manner, meaning that it performs all computations in a single-threaded, n
on-parallel fashion.[] 
 []

[47] <./classkm_1_1KMeansSequential_a322350cd5d3dcd0e428fb4208f901a7b_icgraph.p
df>
<classkm_1_1KMeansSequential_a322350cd5d3dcd0e428fb4208f901a7b_icgraph.pdf, id=
2242, 291.0875pt x 100.375pt>
File: classkm_1_1KMeansSequential_a322350cd5d3dcd0e428fb4208f901a7b_icgraph.pdf
 Graphic file (type pdf)
<use classkm_1_1KMeansSequential_a322350cd5d3dcd0e428fb4208f901a7b_icgraph.pdf>

Package pdftex.def Info: classkm_1_1KMeansSequential_a322350cd5d3dcd0e428fb4208
f901a7b_icgraph.pdf  used on input line 114.
(pdftex.def)             Requested size: 290.0pt x 100.00716pt.
) (./classkm_1_1Performance.tex <./classkm_1_1Performance__coll__graph.pdf>
<classkm_1_1Performance__coll__graph.pdf, id=2252, 248.93pt x 449.68pt>
File: classkm_1_1Performance__coll__graph.pdf Graphic file (type pdf)
<use classkm_1_1Performance__coll__graph.pdf>
Package pdftex.def Info: classkm_1_1Performance__coll__graph.pdf  used on input
 line 19.
(pdftex.def)             Requested size: 248.0pt x 448.01154pt.

[48] [49] [50]
Underfull \hbox (badness 10000) detected at line 130
[][][]
 []

 <./classkm_1_1Performance_a3145fecb00fa5d567d13a0f808f6be7e_icgraph.pdf>
<classkm_1_1Performance_a3145fecb00fa5d567d13a0f808f6be7e_icgraph.pdf, id=2304,
 281.05pt x 138.5175pt>
File: classkm_1_1Performance_a3145fecb00fa5d567d13a0f808f6be7e_icgraph.pdf Grap
hic file (type pdf)
<use classkm_1_1Performance_a3145fecb00fa5d567d13a0f808f6be7e_icgraph.pdf>
Package pdftex.def Info: classkm_1_1Performance_a3145fecb00fa5d567d13a0f808f6be
7e_icgraph.pdf  used on input line 138.
(pdftex.def)             Requested size: 280.0pt x 138.00777pt.

[51] <./classkm_1_1Performance_a02f2aed3530f2be2546a66e4fb3ea9b6_icgraph.pdf>
<classkm_1_1Performance_a02f2aed3530f2be2546a66e4fb3ea9b6_icgraph.pdf, id=2322,
 316.18124pt x 138.5175pt>
File: classkm_1_1Performance_a02f2aed3530f2be2546a66e4fb3ea9b6_icgraph.pdf Grap
hic file (type pdf)
<use classkm_1_1Performance_a02f2aed3530f2be2546a66e4fb3ea9b6_icgraph.pdf>
Package pdftex.def Info: classkm_1_1Performance_a02f2aed3530f2be2546a66e4fb3ea9
b6_icgraph.pdf  used on input line 165.
(pdftex.def)             Requested size: 315.0pt x 138.00987pt.
 <./classkm_1_1Performance_ab3ba15c019e82d392539f6b2a48fa761_icgraph.pdf>
<classkm_1_1Performance_ab3ba15c019e82d392539f6b2a48fa761_icgraph.pdf, id=2330,
 293.095pt x 138.5175pt>
File: classkm_1_1Performance_ab3ba15c019e82d392539f6b2a48fa761_icgraph.pdf Grap
hic file (type pdf)
<use classkm_1_1Performance_ab3ba15c019e82d392539f6b2a48fa761_icgraph.pdf>
Package pdftex.def Info: classkm_1_1Performance_ab3ba15c019e82d392539f6b2a48fa7
61_icgraph.pdf  used on input line 196.
(pdftex.def)             Requested size: 292.0pt x 137.99931pt.

[52]) (./classkm_1_1Point.tex <./classkm_1_1Point__coll__graph.pdf>
<classkm_1_1Point__coll__graph.pdf, id=2348, 194.7275pt x 373.395pt>
File: classkm_1_1Point__coll__graph.pdf Graphic file (type pdf)
<use classkm_1_1Point__coll__graph.pdf>
Package pdftex.def Info: classkm_1_1Point__coll__graph.pdf  used on input line 
19.
(pdftex.def)             Requested size: 194.0pt x 372.01527pt.
 [53]
[54] [55]
Underfull \hbox (badness 10000) detected at line 108
[][][]
 []


Underfull \hbox (badness 10000) detected at line 126
[][][]
 []


Underfull \hbox (badness 10000) detected at line 144
[][][]
 []

[56]) [57] [58

]
Chapter 4.
(./acl_8sty.tex) (./configReader_8hpp.tex <./configReader_8hpp__incl.pdf>
<configReader_8hpp__incl.pdf, id=2430, 354.32375pt x 156.585pt>
File: configReader_8hpp__incl.pdf Graphic file (type pdf)
<use configReader_8hpp__incl.pdf>
Package pdftex.def Info: configReader_8hpp__incl.pdf  used on input line 17.
(pdftex.def)             Requested size: 350.0pt x 154.67795pt.
 <./configReader_8hpp__dep__incl.pdf>
<configReader_8hpp__dep__incl.pdf, id=2438, 748.7975pt x 212.795pt>
File: configReader_8hpp__dep__incl.pdf Graphic file (type pdf)
<use configReader_8hpp__dep__incl.pdf>
Package pdftex.def Info: configReader_8hpp__dep__incl.pdf  used on input line 2
5.
(pdftex.def)             Requested size: 350.0pt x 99.4649pt.
 [59]) (./configReader_8hpp_source.tex)
(./filesUtils_8hpp.tex <./filesUtils_8hpp__incl.pdf>
<filesUtils_8hpp__incl.pdf, id=2483, 619.31375pt x 212.795pt>
File: filesUtils_8hpp__incl.pdf Graphic file (type pdf)
<use filesUtils_8hpp__incl.pdf>
Package pdftex.def Info: filesUtils_8hpp__incl.pdf  used on input line 21.
(pdftex.def)             Requested size: 350.0pt x 120.2651pt.
 [60] <./filesUtils_8hpp__dep__incl.pdf>
<filesUtils_8hpp__dep__incl.pdf, id=2498, 869.2475pt x 212.795pt>
File: filesUtils_8hpp__dep__incl.pdf Graphic file (type pdf)
<use filesUtils_8hpp__dep__incl.pdf>
Package pdftex.def Info: filesUtils_8hpp__dep__incl.pdf  used on input line 29.

(pdftex.def)             Requested size: 350.0pt x 85.68146pt.

Underfull \hbox (badness 5802) in paragraph at lines 48--49
[]\T1/phv/m/n/9 auto [] (std[]::filesystem[]::path &decode[]Dir, std[]::vector$
\OML/cmm/m/it/9 <$ \T1/phv/m/n/9 std[]::filesystem[]::path $\OML/cmm/m/it/9 >$
 []

) (./filesUtils_8hpp_source.tex [61]) (./imagesUtils_8hpp.tex <./imagesUtils_8h
pp__incl.pdf>
<imagesUtils_8hpp__incl.pdf, id=2534, 666.49pt x 212.795pt>
File: imagesUtils_8hpp__incl.pdf Graphic file (type pdf)
<use imagesUtils_8hpp__incl.pdf>
Package pdftex.def Info: imagesUtils_8hpp__incl.pdf  used on input line 19.
(pdftex.def)             Requested size: 350.0pt x 111.74826pt.
 <./imagesUtils_8hpp__dep__incl.pdf>
<imagesUtils_8hpp__dep__incl.pdf, id=2542, 667.49374pt x 156.585pt>
File: imagesUtils_8hpp__dep__incl.pdf Graphic file (type pdf)
<use imagesUtils_8hpp__dep__incl.pdf>
Package pdftex.def Info: imagesUtils_8hpp__dep__incl.pdf  used on input line 27
.
(pdftex.def)             Requested size: 350.0pt x 82.108pt.
 [62])
(./imagesUtils_8hpp_source.tex) (./kmDocs_8hpp.tex [63])
(./kmDocs_8hpp_source.tex) (./kMeansBase_8hpp.tex <./kMeansBase_8hpp__incl.pdf>
<kMeansBase_8hpp__incl.pdf, id=2583, 206.7725pt x 212.795pt>
File: kMeansBase_8hpp__incl.pdf Graphic file (type pdf)
<use kMeansBase_8hpp__incl.pdf>
Package pdftex.def Info: kMeansBase_8hpp__incl.pdf  used on input line 15.
(pdftex.def)             Requested size: 206.0pt x 212.00543pt.
 <./kMeansBase_8hpp__dep__incl.pdf>
<kMeansBase_8hpp__dep__incl.pdf, id=2591, 820.06375pt x 212.795pt>
File: kMeansBase_8hpp__dep__incl.pdf Graphic file (type pdf)
<use kMeansBase_8hpp__dep__incl.pdf>
Package pdftex.def Info: kMeansBase_8hpp__dep__incl.pdf  used on input line 23.

(pdftex.def)             Requested size: 350.0pt x 90.82143pt.
 [64]) (./kMeansBase_8hpp_source.tex)
(./kMeansCUDA_8cuh.tex <./kMeansCUDA_8cuh__incl.pdf>
<kMeansCUDA_8cuh__incl.pdf, id=2632, 413.545pt x 212.795pt>
File: kMeansCUDA_8cuh__incl.pdf Graphic file (type pdf)
<use kMeansCUDA_8cuh__incl.pdf>
Package pdftex.def Info: kMeansCUDA_8cuh__incl.pdf  used on input line 18.
(pdftex.def)             Requested size: 350.0pt x 180.10056pt.
 [65] <./kMeansCUDA_8cuh__dep__incl.pdf>
<kMeansCUDA_8cuh__dep__incl.pdf, id=2651, 323.2075pt x 156.585pt>
File: kMeansCUDA_8cuh__dep__incl.pdf Graphic file (type pdf)
<use kMeansCUDA_8cuh__dep__incl.pdf>
Package pdftex.def Info: kMeansCUDA_8cuh__dep__incl.pdf  used on input line 26.

(pdftex.def)             Requested size: 322.0pt x 156.00879pt.
 [66]) (./kMeansCUDA_8cuh_source.tex) (./kMeansMPI_8hpp.tex <./kMeansMPI_8hpp__
incl.pdf>
<kMeansMPI_8hpp__incl.pdf, id=2688, 234.8775pt x 269.005pt>
File: kMeansMPI_8hpp__incl.pdf Graphic file (type pdf)
<use kMeansMPI_8hpp__incl.pdf>
Package pdftex.def Info: kMeansMPI_8hpp__incl.pdf  used on input line 15.
(pdftex.def)             Requested size: 234.0pt x 267.99867pt.
 [67] <./kMeansMPI_8hpp__dep__incl.pdf>
<kMeansMPI_8hpp__dep__incl.pdf, id=2703, 307.1475pt x 156.585pt>
File: kMeansMPI_8hpp__dep__incl.pdf Graphic file (type pdf)
<use kMeansMPI_8hpp__dep__incl.pdf>
Package pdftex.def Info: kMeansMPI_8hpp__dep__incl.pdf  used on input line 23.
(pdftex.def)             Requested size: 306.0pt x 156.00879pt.
)
(./kMeansMPI_8hpp_source.tex [68]) (./kMeansOMP_8hpp.tex <./kMeansOMP_8hpp__inc
l.pdf>
<kMeansOMP_8hpp__incl.pdf, id=2736, 236.885pt x 269.005pt>
File: kMeansOMP_8hpp__incl.pdf Graphic file (type pdf)
<use kMeansOMP_8hpp__incl.pdf>
Package pdftex.def Info: kMeansOMP_8hpp__incl.pdf  used on input line 15.
(pdftex.def)             Requested size: 236.0pt x 268.00688pt.
 <./kMeansOMP_8hpp__dep__incl.pdf>
<kMeansOMP_8hpp__dep__incl.pdf, id=2744, 313.17pt x 156.585pt>
File: kMeansOMP_8hpp__dep__incl.pdf Graphic file (type pdf)
<use kMeansOMP_8hpp__dep__incl.pdf>
Package pdftex.def Info: kMeansOMP_8hpp__dep__incl.pdf  used on input line 23.
(pdftex.def)             Requested size: 312.0pt x 156.0064pt.
 [69]) (./kMeansOMP_8hpp_source.tex)
(./kMeansSequential_8hpp.tex <./kMeansSequential_8hpp__incl.pdf>
<kMeansSequential_8hpp__incl.pdf, id=2771, 229.85875pt x 269.005pt>
File: kMeansSequential_8hpp__incl.pdf Graphic file (type pdf)
<use kMeansSequential_8hpp__incl.pdf>
Package pdftex.def Info: kMeansSequential_8hpp__incl.pdf  used on input line 14
.
(pdftex.def)             Requested size: 229.0pt x 268.01509pt.
 [70] <./kMeansSequential_8hpp__dep__incl.pdf>
<kMeansSequential_8hpp__dep__incl.pdf, id=2788, 317.185pt x 156.585pt>
File: kMeansSequential_8hpp__dep__incl.pdf Graphic file (type pdf)
<use kMeansSequential_8hpp__dep__incl.pdf>
Package pdftex.def Info: kMeansSequential_8hpp__dep__incl.pdf  used on input li
ne 22.
(pdftex.def)             Requested size: 316.0pt x 156.01357pt.
) (./kMeansSequential_8hpp_source.tex [71])
(./performanceEvaluation_8hpp.tex <./performanceEvaluation_8hpp__incl.pdf>
<performanceEvaluation_8hpp__incl.pdf, id=2817, 600.2425pt x 156.585pt>
File: performanceEvaluation_8hpp__incl.pdf Graphic file (type pdf)
<use performanceEvaluation_8hpp__incl.pdf>
Package pdftex.def Info: performanceEvaluation_8hpp__incl.pdf  used on input li
ne 20.
(pdftex.def)             Requested size: 350.0pt x 91.30676pt.
 <./performanceEvaluation_8hpp__dep__incl.pdf>
<performanceEvaluation_8hpp__dep__incl.pdf, id=2825, 715.67375pt x 156.585pt>
File: performanceEvaluation_8hpp__dep__incl.pdf Graphic file (type pdf)
<use performanceEvaluation_8hpp__dep__incl.pdf>
Package pdftex.def Info: performanceEvaluation_8hpp__dep__incl.pdf  used on inp
ut line 28.
(pdftex.def)             Requested size: 350.0pt x 76.57918pt.
 [72])
(./performanceEvaluation_8hpp_source.tex) (./point_8hpp.tex <./point_8hpp__incl
.pdf>
<point_8hpp__incl.pdf, id=2858, 184.69pt x 156.585pt>
File: point_8hpp__incl.pdf Graphic file (type pdf)
<use point_8hpp__incl.pdf>
Package pdftex.def Info: point_8hpp__incl.pdf  used on input line 15.
(pdftex.def)             Requested size: 184.0pt x 156.00162pt.
 [73] <./point_8hpp__dep__incl.pdf>
<point_8hpp__dep__incl.pdf, id=2874, 1479.5275pt x 269.005pt>
File: point_8hpp__dep__incl.pdf Graphic file (type pdf)
<use point_8hpp__dep__incl.pdf>
Package pdftex.def Info: point_8hpp__dep__incl.pdf  used on input line 23.
(pdftex.def)             Requested size: 350.0pt x 63.63486pt.
) (./point_8hpp_source.tex [74])
(./utilsCLI_8hpp.tex <./utilsCLI_8hpp__incl.pdf>
<utilsCLI_8hpp__incl.pdf, id=2908, 618.31pt x 269.005pt>
File: utilsCLI_8hpp__incl.pdf Graphic file (type pdf)
<use utilsCLI_8hpp__incl.pdf>
Package pdftex.def Info: utilsCLI_8hpp__incl.pdf  used on input line 17.
(pdftex.def)             Requested size: 350.0pt x 152.27542pt.
 <./utilsCLI_8hpp__dep__incl.pdf>
<utilsCLI_8hpp__dep__incl.pdf, id=2916, 869.2475pt x 156.585pt>
File: utilsCLI_8hpp__dep__incl.pdf Graphic file (type pdf)
<use utilsCLI_8hpp__dep__incl.pdf>
Package pdftex.def Info: utilsCLI_8hpp__dep__incl.pdf  used on input line 25.
(pdftex.def)             Requested size: 350.0pt x 63.04861pt.
 [75]) (./utilsCLI_8hpp_source.tex) (./README_8md.tex)
(./configReader_8cpp.tex <./configReader_8cpp__incl.pdf>
<configReader_8cpp__incl.pdf, id=2948, 360.34625pt x 212.795pt>
File: configReader_8cpp__incl.pdf Graphic file (type pdf)
<use configReader_8cpp__incl.pdf>
Package pdftex.def Info: configReader_8cpp__incl.pdf  used on input line 12.
(pdftex.def)             Requested size: 350.0pt x 206.68362pt.
) (./decoder_8cpp.tex
[76] <./decoder_8cpp__incl.pdf>
<decoder_8cpp__incl.pdf, id=2964, 660.4675pt x 325.215pt>
File: decoder_8cpp__incl.pdf Graphic file (type pdf)
<use decoder_8cpp__incl.pdf>
Package pdftex.def Info: decoder_8cpp__incl.pdf  used on input line 24.
(pdftex.def)             Requested size: 350.0pt x 172.34328pt.
 [77]
Underfull \hbox (badness 10000) detected at line 56
[][][]
 []

 <./decoder_8cpp_a8216c1645620cdb2f629cde3ac02ffef_cgraph.pdf>
<decoder_8cpp_a8216c1645620cdb2f629cde3ac02ffef_cgraph.pdf, id=2984, 482.80376p
t x 309.155pt>
File: decoder_8cpp_a8216c1645620cdb2f629cde3ac02ffef_cgraph.pdf Graphic file (t
ype pdf)
<use decoder_8cpp_a8216c1645620cdb2f629cde3ac02ffef_cgraph.pdf>
Package pdftex.def Info: decoder_8cpp_a8216c1645620cdb2f629cde3ac02ffef_cgraph.
pdf  used on input line 64.
(pdftex.def)             Requested size: 350.0pt x 224.12454pt.
)
(./encoder_8cpp.tex <./encoder_8cpp__incl.pdf>
<encoder_8cpp__incl.pdf, id=2992, 1208.515pt x 325.215pt>
File: encoder_8cpp__incl.pdf Graphic file (type pdf)
<use encoder_8cpp__incl.pdf>
Package pdftex.def Info: encoder_8cpp__incl.pdf  used on input line 26.
(pdftex.def)             Requested size: 350.0pt x 94.18587pt.
 [78]
Underfull \hbox (badness 10000) detected at line 56
[][][]
 []

 <./encoder_8cpp_a7114aa2dd6837734db57667a298dfcc4_cgraph.pdf>
<encoder_8cpp_a7114aa2dd6837734db57667a298dfcc4_cgraph.pdf, id=3007, 506.89375p
t x 700.6175pt>
File: encoder_8cpp_a7114aa2dd6837734db57667a298dfcc4_cgraph.pdf Graphic file (t
ype pdf)
<use encoder_8cpp_a7114aa2dd6837734db57667a298dfcc4_cgraph.pdf>
Package pdftex.def Info: encoder_8cpp_a7114aa2dd6837734db57667a298dfcc4_cgraph.
pdf  used on input line 64.
(pdftex.def)             Requested size: 350.0pt x 483.76869pt.
)
(./encoderCUDA_8cpp.tex [79] <./encoderCUDA_8cpp__incl.pdf>
<encoderCUDA_8cpp__incl.pdf, id=3025, 1441.385pt x 325.215pt>
File: encoderCUDA_8cpp__incl.pdf Graphic file (type pdf)
<use encoderCUDA_8cpp__incl.pdf>
Package pdftex.def Info: encoderCUDA_8cpp__incl.pdf  used on input line 26.
(pdftex.def)             Requested size: 350.0pt x 78.96626pt.
 [80]
Underfull \hbox (badness 10000) detected at line 56
[][][]
 []

 <./encoderCUDA_8cpp_a0ddf1224851353fc92bfbff6f499fa97_cgraph.pdf>
<encoderCUDA_8cpp_a0ddf1224851353fc92bfbff6f499fa97_cgraph.pdf, id=3041, 506.89
375pt x 700.6175pt>
File: encoderCUDA_8cpp_a0ddf1224851353fc92bfbff6f499fa97_cgraph.pdf Graphic fil
e (type pdf)
<use encoderCUDA_8cpp_a0ddf1224851353fc92bfbff6f499fa97_cgraph.pdf>
Package pdftex.def Info: encoderCUDA_8cpp_a0ddf1224851353fc92bfbff6f499fa97_cgr
aph.pdf  used on input line 64.
(pdftex.def)             Requested size: 350.0pt x 483.76869pt.
)
(./encoderMPI_8cpp.tex [81] <./encoderMPI_8cpp__incl.pdf>
<encoderMPI_8cpp__incl.pdf, id=3058, 1406.25375pt x 325.215pt>
File: encoderMPI_8cpp__incl.pdf Graphic file (type pdf)
<use encoderMPI_8cpp__incl.pdf>
Package pdftex.def Info: encoderMPI_8cpp__incl.pdf  used on input line 30.
(pdftex.def)             Requested size: 350.0pt x 80.94128pt.
 [82]
Underfull \hbox (badness 10000) detected at line 60
[][][]
 []

 <./encoderMPI_8cpp_a7114aa2dd6837734db57667a298dfcc4_cgraph.pdf>
<encoderMPI_8cpp_a7114aa2dd6837734db57667a298dfcc4_cgraph.pdf, id=3075, 506.893
75pt x 548.0475pt>
File: encoderMPI_8cpp_a7114aa2dd6837734db57667a298dfcc4_cgraph.pdf Graphic file
 (type pdf)
<use encoderMPI_8cpp_a7114aa2dd6837734db57667a298dfcc4_cgraph.pdf>
Package pdftex.def Info: encoderMPI_8cpp_a7114aa2dd6837734db57667a298dfcc4_cgra
ph.pdf  used on input line 68.
(pdftex.def)             Requested size: 350.0pt x 378.42078pt.
)
(./encoderOMP_8cpp.tex [83] <./encoderOMP_8cpp__incl.pdf>
<encoderOMP_8cpp__incl.pdf, id=3093, 1325.95375pt x 325.215pt>
File: encoderOMP_8cpp__incl.pdf Graphic file (type pdf)
<use encoderOMP_8cpp__incl.pdf>
Package pdftex.def Info: encoderOMP_8cpp__incl.pdf  used on input line 26.
(pdftex.def)             Requested size: 350.0pt x 85.84412pt.
 [84]
Underfull \hbox (badness 10000) detected at line 56
[][][]
 []

 <./encoderOMP_8cpp_a7114aa2dd6837734db57667a298dfcc4_cgraph.pdf>
<encoderOMP_8cpp_a7114aa2dd6837734db57667a298dfcc4_cgraph.pdf, id=3109, 506.893
75pt x 700.6175pt>
File: encoderOMP_8cpp_a7114aa2dd6837734db57667a298dfcc4_cgraph.pdf Graphic file
 (type pdf)
<use encoderOMP_8cpp_a7114aa2dd6837734db57667a298dfcc4_cgraph.pdf>
Package pdftex.def Info: encoderOMP_8cpp_a7114aa2dd6837734db57667a298dfcc4_cgra
ph.pdf  used on input line 64.
(pdftex.def)             Requested size: 350.0pt x 483.76869pt.
)
(./filesUtils_8cpp.tex [85] <./filesUtils_8cpp__incl.pdf>
<filesUtils_8cpp__incl.pdf, id=3126, 619.31375pt x 269.005pt>
File: filesUtils_8cpp__incl.pdf Graphic file (type pdf)
<use filesUtils_8cpp__incl.pdf>
Package pdftex.def Info: filesUtils_8cpp__incl.pdf  used on input line 9.
(pdftex.def)             Requested size: 350.0pt x 152.03325pt.
)
(./imagesUtils_8cpp.tex [86] <./imagesUtils_8cpp__incl.pdf>
<imagesUtils_8cpp__incl.pdf, id=3141, 666.49pt x 269.005pt>
File: imagesUtils_8cpp__incl.pdf Graphic file (type pdf)
<use imagesUtils_8cpp__incl.pdf>
Package pdftex.def Info: imagesUtils_8cpp__incl.pdf  used on input line 9.
(pdftex.def)             Requested size: 350.0pt x 141.26668pt.
)
(./kMeansBase_8cpp.tex <./kMeansBase_8cpp__incl.pdf>
<kMeansBase_8cpp__incl.pdf, id=3149, 377.41pt x 269.005pt>
File: kMeansBase_8cpp__incl.pdf Graphic file (type pdf)
<use kMeansBase_8cpp__incl.pdf>
Package pdftex.def Info: kMeansBase_8cpp__incl.pdf  used on input line 12.
(pdftex.def)             Requested size: 350.0pt x 249.46605pt.
) (./kMeansCUDA_8cu.tex
[87] <./kMeansCUDA_8cu__incl.pdf>
<kMeansCUDA_8cu__incl.pdf, id=3165, 413.545pt x 269.005pt>
File: kMeansCUDA_8cu__incl.pdf Graphic file (type pdf)
<use kMeansCUDA_8cu__incl.pdf>
Package pdftex.def Info: kMeansCUDA_8cu__incl.pdf  used on input line 9.
(pdftex.def)             Requested size: 350.0pt x 227.6743pt.
 [88] <./kMeansCUDA_8cu_a3e025d6ba15d1c9dcaba7e02eec74a74_icgraph.pdf>
<kMeansCUDA_8cu_a3e025d6ba15d1c9dcaba7e02eec74a74_icgraph.pdf, id=3187, 395.477
5pt x 100.375pt>
File: kMeansCUDA_8cu_a3e025d6ba15d1c9dcaba7e02eec74a74_icgraph.pdf Graphic file
 (type pdf)
<use kMeansCUDA_8cu_a3e025d6ba15d1c9dcaba7e02eec74a74_icgraph.pdf>
Package pdftex.def Info: kMeansCUDA_8cu_a3e025d6ba15d1c9dcaba7e02eec74a74_icgra
ph.pdf  used on input line 35.
(pdftex.def)             Requested size: 350.0pt x 88.83415pt.
 <./kMeansCUDA_8cu_a79373eadd7ab0392c9f0f9385b50e67f_icgraph.pdf>
<kMeansCUDA_8cu_a79373eadd7ab0392c9f0f9385b50e67f_icgraph.pdf, id=3196, 406.518
75pt x 100.375pt>
File: kMeansCUDA_8cu_a79373eadd7ab0392c9f0f9385b50e67f_icgraph.pdf Graphic file
 (type pdf)
<use kMeansCUDA_8cu_a79373eadd7ab0392c9f0f9385b50e67f_icgraph.pdf>
Package pdftex.def Info: kMeansCUDA_8cu_a79373eadd7ab0392c9f0f9385b50e67f_icgra
ph.pdf  used on input line 49.
(pdftex.def)             Requested size: 350.0pt x 86.42342pt.
 <./kMeansCUDA_8cu_a6ad4d08f25ddaaaf93cefca25f0f01b9_icgraph.pdf>
<kMeansCUDA_8cu_a6ad4d08f25ddaaaf93cefca25f0f01b9_icgraph.pdf, id=3204, 434.623
75pt x 100.375pt>
File: kMeansCUDA_8cu_a6ad4d08f25ddaaaf93cefca25f0f01b9_icgraph.pdf Graphic file
 (type pdf)
<use kMeansCUDA_8cu_a6ad4d08f25ddaaaf93cefca25f0f01b9_icgraph.pdf>
Package pdftex.def Info: kMeansCUDA_8cu_a6ad4d08f25ddaaaf93cefca25f0f01b9_icgra
ph.pdf  used on input line 63.
(pdftex.def)             Requested size: 350.0pt x 80.83615pt.
)
(./kMeansMPI_8cpp.tex [89] <./kMeansMPI_8cpp__incl.pdf>
<kMeansMPI_8cpp__incl.pdf, id=3220, 550.055pt x 325.215pt>
File: kMeansMPI_8cpp__incl.pdf Graphic file (type pdf)
<use kMeansMPI_8cpp__incl.pdf>
Package pdftex.def Info: kMeansMPI_8cpp__incl.pdf  used on input line 14.
(pdftex.def)             Requested size: 350.0pt x 206.94095pt.
) (./kMeansOMP_8cpp.tex <./kMeansOMP_8cpp__incl.pdf>
<kMeansOMP_8cpp__incl.pdf, id=3228, 483.8075pt x 325.215pt>
File: kMeansOMP_8cpp__incl.pdf Graphic file (type pdf)
<use kMeansOMP_8cpp__incl.pdf>
Package pdftex.def Info: kMeansOMP_8cpp__incl.pdf  used on input line 13.
(pdftex.def)             Requested size: 350.0pt x 235.28108pt.
) (./kMeansSequential_8cpp.tex [90] <./kMeansSequential_8cpp__incl.pdf>
<kMeansSequential_8cpp__incl.pdf, id=3243, 461.725pt x 325.215pt>
File: kMeansSequential_8cpp__incl.pdf Graphic file (type pdf)
<use kMeansSequential_8cpp__incl.pdf>
Package pdftex.def Info: kMeansSequential_8cpp__incl.pdf  used on input line 13
.
(pdftex.def)             Requested size: 350.0pt x 246.52086pt.
) (./mainMenu_8cpp.tex <./mainMenu_8cpp__incl.pdf>
<mainMenu_8cpp__incl.pdf, id=3251, 852.18375pt x 325.215pt>
File: mainMenu_8cpp__incl.pdf Graphic file (type pdf)
<use mainMenu_8cpp__incl.pdf>
Package pdftex.def Info: mainMenu_8cpp__incl.pdf  used on input line 13.
(pdftex.def)             Requested size: 350.0pt x 133.57224pt.
 [91]
Underfull \hbox (badness 10000) detected at line 36
[][][]
 []

 <./mainMenu_8cpp_a8216c1645620cdb2f629cde3ac02ffef_cgraph.pdf>
<mainMenu_8cpp_a8216c1645620cdb2f629cde3ac02ffef_cgraph.pdf, id=3267, 327.2225p
t x 250.9375pt>
File: mainMenu_8cpp_a8216c1645620cdb2f629cde3ac02ffef_cgraph.pdf Graphic file (
type pdf)
<use mainMenu_8cpp_a8216c1645620cdb2f629cde3ac02ffef_cgraph.pdf>
Package pdftex.def Info: mainMenu_8cpp_a8216c1645620cdb2f629cde3ac02ffef_cgraph
.pdf  used on input line 44.
(pdftex.def)             Requested size: 326.0pt x 249.99876pt.
)
(./performanceEvaluation_8cpp.tex [92] <./performanceEvaluation_8cpp__incl.pdf>
<performanceEvaluation_8cpp__incl.pdf, id=3284, 600.2425pt x 212.795pt>
File: performanceEvaluation_8cpp__incl.pdf Graphic file (type pdf)
<use performanceEvaluation_8cpp__incl.pdf>
Package pdftex.def Info: performanceEvaluation_8cpp__incl.pdf  used on input li
ne 10.
(pdftex.def)             Requested size: 350.0pt x 124.08356pt.
) (./point_8cpp.tex <./point_8cpp__incl.pdf>
<point_8cpp__incl.pdf, id=3292, 236.885pt x 212.795pt>
File: point_8cpp__incl.pdf Graphic file (type pdf)
<use point_8cpp__incl.pdf>
Package pdftex.def Info: point_8cpp__incl.pdf  used on input line 10.
(pdftex.def)             Requested size: 236.0pt x 212.00543pt.
) (./utilsCLI_8cpp.tex [93] <./utilsCLI_8cpp__incl.pdf>
<utilsCLI_8cpp__incl.pdf, id=3307, 618.31pt x 325.215pt>
File: utilsCLI_8cpp__incl.pdf Graphic file (type pdf)
<use utilsCLI_8cpp__incl.pdf>
Package pdftex.def Info: utilsCLI_8cpp__incl.pdf  used on input line 9.
(pdftex.def)             Requested size: 350.0pt x 184.09418pt.
) [94] (./refman.ind
LaTeX Font Info:    Font shape `T1/phv/m/n' will be
(Font)              scaled to size 16.19989pt on input line 1.
 [95



] [96] [97]) (./refman.aux)
 ***********
LaTeX2e <2023-11-01> patch level 1
L3 programming layer <2024-02-20>
 ***********
Package rerunfilecheck Info: File `refman.out' has not changed.
(rerunfilecheck)             Checksum: 071A254B6D179F71FF5ADF9C3354B7FB;47670.
 ) 
Here is how much of TeX's memory you used:
 20239 strings out of 476076
 367852 string characters out of 5793775
 1951187 words of memory out of 5000000
 41192 multiletter control sequences out of 15000+600000
 614043 words of font info for 103 fonts, out of 8000000 for 9000
 14 hyphenation exceptions out of 8191
 101i,16n,117p,1379b,744s stack positions out of 10000i,1000n,20000p,200000b,200000s
</usr/share/texmf-dist/fonts/type1/public/amsfonts/cm/cmmi6.pfb></usr/share/t
exmf-dist/fonts/type1/public/amsfonts/cm/cmmi7.pfb></usr/share/texmf-dist/fonts
/type1/public/amsfonts/cm/cmmi9.pfb></usr/share/texmf-dist/fonts/type1/public/a
msfonts/cm/cmsy6.pfb></usr/share/texmf-dist/fonts/type1/public/amsfonts/cm/cmsy
7.pfb></usr/share/texmf-dist/fonts/type1/public/amsfonts/cm/cmsy9.pfb></usr/sha
re/texmf-dist/fonts/type1/urw/courier/ucrb8a.pfb></usr/share/texmf-dist/fonts/t
ype1/urw/courier/ucrr8a.pfb></usr/share/texmf-dist/fonts/type1/urw/courier/ucrr
o8a.pfb></usr/share/texmf-dist/fonts/type1/urw/helvetic/uhvb8a.pfb></usr/share/
texmf-dist/fonts/type1/urw/helvetic/uhvb8ac.pfb></usr/share/texmf-dist/fonts/ty
pe1/urw/helvetic/uhvr8a.pfb></usr/share/texmf-dist/fonts/type1/urw/helvetic/uhv
ro8a.pfb>
Output written on refman.pdf (105 pages, 3471759 bytes).
PDF statistics:
 3788 PDF objects out of 4296 (max. 8388607)
 3299 compressed objects within 33 object streams
 693 named destinations out of 1000 (max. 500000)
 2340 words of extra memory for PDF output out of 10000 (max. 10000000)

