\BOOKMARK [0][-]{chapter.1}{\376\377\0001\000\040\000P\000a\000r\000a\000l\000l\000e\000l\000\040\000K\000m\000e\000a\000n\000s\000\040\000I\000m\000a\000g\000e\000s\000\040\000C\000o\000m\000p\000r\000e\000s\000s\000o\000r}{}% 1
\BOOKMARK [1][-]{section.1.1}{\376\377\0001\000.\0001\000\040\000D\000o\000x\000y\000g\000e\000n\000\040\000D\000o\000c\000u\000m\000e\000n\000t\000a\000t\000i\000o\000n}{chapter.1}% 2
\BOOKMARK [1][-]{section.1.2}{\376\377\0001\000.\0002\000\040\000P\000r\000e\000r\000e\000q\000u\000i\000s\000i\000t\000e\000s}{chapter.1}% 3
\BOOKMARK [2][-]{subsection.1.2.1}{\376\377\0001\000.\0002\000.\0001\000\040\000O\000p\000e\000n\000C\000V\000\040\000C\000+\000+\000\040\000L\000i\000b\000r\000a\000r\000y}{section.1.2}% 4
\BOOKMARK [2][-]{subsection.1.2.2}{\376\377\0001\000.\0002\000.\0002\000\040\000M\000p\000i\000c\000c}{section.1.2}% 5
\BOOKMARK [2][-]{subsection.1.2.3}{\376\377\0001\000.\0002\000.\0003\000\040\000O\000p\000e\000n\000M\000P}{section.1.2}% 6
\BOOKMARK [1][-]{section.1.3}{\376\377\0001\000.\0003\000\040\000G\000e\000t\000t\000i\000n\000g\000\040\000S\000t\000a\000r\000t\000e\000d}{chapter.1}% 7
\BOOKMARK [1][-]{section.1.4}{\376\377\0001\000.\0004\000\040\000W\000h\000a\000t\000\040\000t\000o\000\040\000e\000x\000p\000e\000c\000t}{chapter.1}% 8
\BOOKMARK [1][-]{section.1.5}{\376\377\0001\000.\0005\000\040\000P\000r\000o\000j\000e\000c\000t\000\040\000S\000t\000r\000u\000c\000t\000u\000r\000e}{chapter.1}% 9
\BOOKMARK [2][-]{subsubsection.1.5.0.1}{\376\377\0001\000.\0005\000.\0000\000.\0001\000\040\000F\000o\000l\000d\000e\000r\000s}{section.1.5}% 10
\BOOKMARK [3][-]{subsubsection.1.5.0.2}{\376\377\0001\000.\0005\000.\0000\000.\0002\000\040\000F\000i\000l\000e\000s\000\040\000a\000n\000d\000\040\000E\000x\000e\000c\000u\000t\000a\000b\000l\000e\000s}{subsubsection.1.5.0.1}% 11
\BOOKMARK [1][-]{section.1.6}{\376\377\0001\000.\0006\000\040\000H\000o\000w\000\040\000d\000o\000e\000s\000\040\000i\000t\000\040\000w\000o\000r\000k\000?}{chapter.1}% 12
\BOOKMARK [1][-]{section.1.7}{\376\377\0001\000.\0007\000\040\000P\000a\000r\000a\000l\000l\000e\000l\000i\000z\000a\000t\000i\000o\000n\000\040\000T\000e\000c\000h\000n\000i\000q\000u\000e\000s}{chapter.1}% 13
\BOOKMARK [1][-]{section.1.8}{\376\377\0001\000.\0008\000\040\000B\000e\000n\000c\000h\000m\000a\000r\000k\000i\000n\000g}{chapter.1}% 14
\BOOKMARK [1][-]{section.1.9}{\376\377\0001\000.\0009\000\040\000A\000u\000t\000h\000o\000r\000s}{chapter.1}% 15
\BOOKMARK [0][-]{chapter.2}{\376\377\0002\000\040\000N\000a\000m\000e\000s\000p\000a\000c\000e\000\040\000D\000o\000c\000u\000m\000e\000n\000t\000a\000t\000i\000o\000n}{}% 16
\BOOKMARK [1][-]{section.2.1}{\376\377\0002\000.\0001\000\040\000k\000m\000\040\000N\000a\000m\000e\000s\000p\000a\000c\000e\000\040\000R\000e\000f\000e\000r\000e\000n\000c\000e}{chapter.2}% 17
\BOOKMARK [2][-]{subsection.2.1.1}{\376\377\0002\000.\0001\000.\0001\000\040\000D\000e\000t\000a\000i\000l\000e\000d\000\040\000D\000e\000s\000c\000r\000i\000p\000t\000i\000o\000n}{section.2.1}% 18
\BOOKMARK [1][-]{section.2.2}{\376\377\0002\000.\0002\000\040\000k\000m\000:\000:\000f\000i\000l\000e\000s\000U\000t\000i\000l\000s\000\040\000N\000a\000m\000e\000s\000p\000a\000c\000e\000\040\000R\000e\000f\000e\000r\000e\000n\000c\000e}{chapter.2}% 19
\BOOKMARK [2][-]{subsection.2.2.1}{\376\377\0002\000.\0002\000.\0001\000\040\000D\000e\000t\000a\000i\000l\000e\000d\000\040\000D\000e\000s\000c\000r\000i\000p\000t\000i\000o\000n}{section.2.2}% 20
\BOOKMARK [2][-]{subsection.2.2.2}{\376\377\0002\000.\0002\000.\0002\000\040\000F\000u\000n\000c\000t\000i\000o\000n\000\040\000D\000o\000c\000u\000m\000e\000n\000t\000a\000t\000i\000o\000n}{section.2.2}% 21
\BOOKMARK [3][-]{subsubsection.2.2.2.1}{\376\377\0002\000.\0002\000.\0002\000.\0001\000\040\000c\000r\000e\000a\000t\000e\000D\000e\000c\000o\000d\000i\000n\000g\000M\000e\000n\000u\000\050\000\051}{subsection.2.2.2}% 22
\BOOKMARK [3][-]{subsubsection.2.2.2.2}{\376\377\0002\000.\0002\000.\0002\000.\0002\000\040\000c\000r\000e\000a\000t\000e\000O\000u\000t\000p\000u\000t\000D\000i\000r\000e\000c\000t\000o\000r\000i\000e\000s\000\050\000\051}{subsection.2.2.2}% 23
\BOOKMARK [3][-]{subsubsection.2.2.2.3}{\376\377\0002\000.\0002\000.\0002\000.\0003\000\040\000i\000s\000C\000o\000r\000r\000e\000c\000t\000E\000x\000t\000e\000n\000s\000i\000o\000n\000\050\000\051}{subsection.2.2.2}% 24
\BOOKMARK [3][-]{subsubsection.2.2.2.4}{\376\377\0002\000.\0002\000.\0002\000.\0004\000\040\000r\000e\000a\000d\000B\000i\000n\000a\000r\000y\000F\000i\000l\000e\000\050\000\051}{subsection.2.2.2}% 25
\BOOKMARK [3][-]{subsubsection.2.2.2.5}{\376\377\0002\000.\0002\000.\0002\000.\0005\000\040\000w\000r\000i\000t\000e\000B\000i\000n\000a\000r\000y\000F\000i\000l\000e\000\050\000\051}{subsection.2.2.2}% 26
\BOOKMARK [1][-]{section.2.3}{\376\377\0002\000.\0003\000\040\000k\000m\000:\000:\000i\000m\000a\000g\000e\000U\000t\000i\000l\000s\000\040\000N\000a\000m\000e\000s\000p\000a\000c\000e\000\040\000R\000e\000f\000e\000r\000e\000n\000c\000e}{chapter.2}% 27
\BOOKMARK [2][-]{subsection.2.3.1}{\376\377\0002\000.\0003\000.\0001\000\040\000D\000e\000t\000a\000i\000l\000e\000d\000\040\000D\000e\000s\000c\000r\000i\000p\000t\000i\000o\000n}{section.2.3}% 28
\BOOKMARK [2][-]{subsection.2.3.2}{\376\377\0002\000.\0003\000.\0002\000\040\000F\000u\000n\000c\000t\000i\000o\000n\000\040\000D\000o\000c\000u\000m\000e\000n\000t\000a\000t\000i\000o\000n}{section.2.3}% 29
\BOOKMARK [3][-]{subsubsection.2.3.2.1}{\376\377\0002\000.\0003\000.\0002\000.\0001\000\040\000d\000e\000f\000i\000n\000e\000K\000V\000a\000l\000u\000e\000\050\000\051}{subsection.2.3.2}% 30
\BOOKMARK [3][-]{subsubsection.2.3.2.2}{\376\377\0002\000.\0003\000.\0002\000.\0002\000\040\000p\000o\000i\000n\000t\000s\000F\000r\000o\000m\000I\000m\000a\000g\000e\000\050\000\051}{subsection.2.3.2}% 31
\BOOKMARK [3][-]{subsubsection.2.3.2.3}{\376\377\0002\000.\0003\000.\0002\000.\0003\000\040\000p\000r\000e\000p\000r\000o\000c\000e\000s\000s\000i\000n\000g\000\050\000\051}{subsection.2.3.2}% 32
\BOOKMARK [1][-]{section.2.4}{\376\377\0002\000.\0004\000\040\000k\000m\000:\000:\000u\000t\000i\000l\000s\000C\000L\000I\000\040\000N\000a\000m\000e\000s\000p\000a\000c\000e\000\040\000R\000e\000f\000e\000r\000e\000n\000c\000e}{chapter.2}% 33
\BOOKMARK [2][-]{subsection.2.4.1}{\376\377\0002\000.\0004\000.\0001\000\040\000D\000e\000t\000a\000i\000l\000e\000d\000\040\000D\000e\000s\000c\000r\000i\000p\000t\000i\000o\000n}{section.2.4}% 34
\BOOKMARK [2][-]{subsection.2.4.2}{\376\377\0002\000.\0004\000.\0002\000\040\000F\000u\000n\000c\000t\000i\000o\000n\000\040\000D\000o\000c\000u\000m\000e\000n\000t\000a\000t\000i\000o\000n}{section.2.4}% 35
\BOOKMARK [3][-]{subsubsection.2.4.2.1}{\376\377\0002\000.\0004\000.\0002\000.\0001\000\040\000d\000e\000c\000o\000d\000e\000r\000H\000e\000a\000d\000e\000r\000\050\000\051}{subsection.2.4.2}% 36
\BOOKMARK [3][-]{subsubsection.2.4.2.2}{\376\377\0002\000.\0004\000.\0002\000.\0002\000\040\000d\000i\000s\000p\000l\000a\000y\000D\000e\000c\000o\000d\000i\000n\000g\000M\000e\000n\000u\000\050\000\051}{subsection.2.4.2}% 37
\BOOKMARK [3][-]{subsubsection.2.4.2.3}{\376\377\0002\000.\0004\000.\0002\000.\0003\000\040\000m\000a\000i\000n\000M\000e\000n\000u\000H\000e\000a\000d\000e\000r\000\050\000\051}{subsection.2.4.2}% 38
\BOOKMARK [3][-]{subsubsection.2.4.2.4}{\376\377\0002\000.\0004\000.\0002\000.\0004\000\040\000p\000r\000i\000n\000t\000C\000o\000m\000p\000r\000e\000s\000s\000i\000o\000n\000I\000n\000f\000o\000r\000m\000a\000t\000i\000o\000n\000s\000\050\000\051}{subsection.2.4.2}% 39
\BOOKMARK [3][-]{subsubsection.2.4.2.5}{\376\377\0002\000.\0004\000.\0002\000.\0005\000\040\000w\000o\000r\000k\000D\000o\000n\000e\000\050\000\051}{subsection.2.4.2}% 40
\BOOKMARK [0][-]{chapter.3}{\376\377\0003\000\040\000C\000l\000a\000s\000s\000\040\000D\000o\000c\000u\000m\000e\000n\000t\000a\000t\000i\000o\000n}{}% 41
\BOOKMARK [1][-]{section.3.1}{\376\377\0003\000.\0001\000\040\000k\000m\000:\000:\000C\000o\000n\000f\000i\000g\000R\000e\000a\000d\000e\000r\000\040\000C\000l\000a\000s\000s\000\040\000R\000e\000f\000e\000r\000e\000n\000c\000e}{chapter.3}% 42
\BOOKMARK [2][-]{subsection.3.1.1}{\376\377\0003\000.\0001\000.\0001\000\040\000D\000e\000t\000a\000i\000l\000e\000d\000\040\000D\000e\000s\000c\000r\000i\000p\000t\000i\000o\000n}{section.3.1}% 43
\BOOKMARK [2][-]{subsection.3.1.2}{\376\377\0003\000.\0001\000.\0002\000\040\000C\000o\000n\000s\000t\000r\000u\000c\000t\000o\000r\000\040\000\046\000\040\000D\000e\000s\000t\000r\000u\000c\000t\000o\000r\000\040\000D\000o\000c\000u\000m\000e\000n\000t\000a\000t\000i\000o\000n}{section.3.1}% 44
\BOOKMARK [3][-]{subsubsection.3.1.2.1}{\376\377\0003\000.\0001\000.\0002\000.\0001\000\040\000C\000o\000n\000f\000i\000g\000R\000e\000a\000d\000e\000r\000\050\000\051}{subsection.3.1.2}% 45
\BOOKMARK [2][-]{subsection.3.1.3}{\376\377\0003\000.\0001\000.\0003\000\040\000M\000e\000m\000b\000e\000r\000\040\000F\000u\000n\000c\000t\000i\000o\000n\000\040\000D\000o\000c\000u\000m\000e\000n\000t\000a\000t\000i\000o\000n}{section.3.1}% 46
\BOOKMARK [3][-]{subsubsection.3.1.3.1}{\376\377\0003\000.\0001\000.\0003\000.\0001\000\040\000c\000h\000e\000c\000k\000V\000a\000r\000i\000a\000b\000l\000e\000E\000x\000i\000s\000t\000s\000\050\000\051}{subsection.3.1.3}% 47
\BOOKMARK [3][-]{subsubsection.3.1.3.2}{\376\377\0003\000.\0001\000.\0003\000.\0002\000\040\000g\000e\000t\000C\000o\000l\000o\000r\000C\000h\000o\000i\000c\000e\000\050\000\051}{subsection.3.1.3}% 48
\BOOKMARK [3][-]{subsubsection.3.1.3.3}{\376\377\0003\000.\0001\000.\0003\000.\0003\000\040\000g\000e\000t\000C\000o\000m\000p\000r\000e\000s\000s\000i\000o\000n\000C\000h\000o\000i\000c\000e\000\050\000\051}{subsection.3.1.3}% 49
\BOOKMARK [3][-]{subsubsection.3.1.3.4}{\376\377\0003\000.\0001\000.\0003\000.\0004\000\040\000g\000e\000t\000F\000i\000f\000t\000h\000L\000e\000v\000e\000l\000C\000o\000m\000p\000r\000e\000s\000s\000i\000o\000n\000C\000o\000l\000o\000r\000\050\000\051}{subsection.3.1.3}% 50
\BOOKMARK [3][-]{subsubsection.3.1.3.5}{\376\377\0003\000.\0001\000.\0003\000.\0005\000\040\000g\000e\000t\000F\000i\000r\000s\000t\000L\000e\000v\000e\000l\000C\000o\000m\000p\000r\000e\000s\000s\000i\000o\000n\000C\000o\000l\000o\000r\000\050\000\051}{subsection.3.1.3}% 51
\BOOKMARK [3][-]{subsubsection.3.1.3.6}{\376\377\0003\000.\0001\000.\0003\000.\0006\000\040\000g\000e\000t\000F\000o\000u\000r\000t\000h\000L\000e\000v\000e\000l\000C\000o\000m\000p\000r\000e\000s\000s\000i\000o\000n\000C\000o\000l\000o\000r\000\050\000\051}{subsection.3.1.3}% 52
\BOOKMARK [3][-]{subsubsection.3.1.3.7}{\376\377\0003\000.\0001\000.\0003\000.\0007\000\040\000g\000e\000t\000I\000n\000p\000u\000t\000I\000m\000a\000g\000e\000F\000i\000l\000e\000P\000a\000t\000h\000\050\000\051}{subsection.3.1.3}% 53
\BOOKMARK [3][-]{subsubsection.3.1.3.8}{\376\377\0003\000.\0001\000.\0003\000.\0008\000\040\000g\000e\000t\000R\000e\000s\000i\000z\000i\000n\000g\000F\000a\000c\000t\000o\000r\000\050\000\051}{subsection.3.1.3}% 54
\BOOKMARK [3][-]{subsubsection.3.1.3.9}{\376\377\0003\000.\0001\000.\0003\000.\0009\000\040\000g\000e\000t\000S\000e\000c\000o\000n\000d\000L\000e\000v\000e\000l\000C\000o\000m\000p\000r\000e\000s\000s\000i\000o\000n\000C\000o\000l\000o\000r\000\050\000\051}{subsection.3.1.3}% 55
\BOOKMARK [3][-]{subsubsection.3.1.3.10}{\376\377\0003\000.\0001\000.\0003\000.\0001\0000\000\040\000g\000e\000t\000T\000h\000i\000r\000d\000L\000e\000v\000e\000l\000C\000o\000m\000p\000r\000e\000s\000s\000i\000o\000n\000C\000o\000l\000o\000r\000\050\000\051}{subsection.3.1.3}% 56
\BOOKMARK [3][-]{subsubsection.3.1.3.11}{\376\377\0003\000.\0001\000.\0003\000.\0001\0001\000\040\000r\000e\000a\000d\000C\000o\000n\000f\000i\000g\000F\000i\000l\000e\000\050\000\051}{subsection.3.1.3}% 57
\BOOKMARK [2][-]{subsection.3.1.4}{\376\377\0003\000.\0001\000.\0004\000\040\000M\000e\000m\000b\000e\000r\000\040\000D\000a\000t\000a\000\040\000D\000o\000c\000u\000m\000e\000n\000t\000a\000t\000i\000o\000n}{section.3.1}% 58
\BOOKMARK [3][-]{subsubsection.3.1.4.1}{\376\377\0003\000.\0001\000.\0004\000.\0001\000\040\000c\000o\000l\000o\000r\000\137\000c\000h\000o\000i\000c\000e}{subsection.3.1.4}% 59
\BOOKMARK [3][-]{subsubsection.3.1.4.2}{\376\377\0003\000.\0001\000.\0004\000.\0002\000\040\000c\000o\000m\000p\000r\000e\000s\000s\000i\000o\000n\000\137\000c\000h\000o\000i\000c\000e}{subsection.3.1.4}% 60
\BOOKMARK [3][-]{subsubsection.3.1.4.3}{\376\377\0003\000.\0001\000.\0004\000.\0003\000\040\000f\000i\000f\000t\000h\000\137\000l\000e\000v\000e\000l\000\137\000c\000o\000m\000p\000r\000e\000s\000s\000i\000o\000n\000\137\000c\000o\000l\000o\000r}{subsection.3.1.4}% 61
\BOOKMARK [3][-]{subsubsection.3.1.4.4}{\376\377\0003\000.\0001\000.\0004\000.\0004\000\040\000f\000i\000r\000s\000t\000\137\000l\000e\000v\000e\000l\000\137\000c\000o\000m\000p\000r\000e\000s\000s\000i\000o\000n\000\137\000c\000o\000l\000o\000r}{subsection.3.1.4}% 62
\BOOKMARK [3][-]{subsubsection.3.1.4.5}{\376\377\0003\000.\0001\000.\0004\000.\0005\000\040\000f\000o\000u\000r\000t\000h\000\137\000l\000e\000v\000e\000l\000\137\000c\000o\000m\000p\000r\000e\000s\000s\000i\000o\000n\000\137\000c\000o\000l\000o\000r}{subsection.3.1.4}% 63
\BOOKMARK [3][-]{subsubsection.3.1.4.6}{\376\377\0003\000.\0001\000.\0004\000.\0006\000\040\000i\000n\000p\000u\000t\000I\000m\000a\000g\000e\000F\000i\000l\000e\000P\000a\000t\000h}{subsection.3.1.4}% 64
\BOOKMARK [3][-]{subsubsection.3.1.4.7}{\376\377\0003\000.\0001\000.\0004\000.\0007\000\040\000p\000a\000t\000t\000e\000r\000n}{subsection.3.1.4}% 65
\BOOKMARK [3][-]{subsubsection.3.1.4.8}{\376\377\0003\000.\0001\000.\0004\000.\0008\000\040\000r\000e\000q\000u\000i\000r\000e\000d\000V\000a\000r\000i\000a\000b\000l\000e\000s}{subsection.3.1.4}% 66
\BOOKMARK [3][-]{subsubsection.3.1.4.9}{\376\377\0003\000.\0001\000.\0004\000.\0009\000\040\000r\000e\000s\000i\000z\000i\000n\000g\000\137\000f\000a\000c\000t\000o\000r}{subsection.3.1.4}% 67
\BOOKMARK [3][-]{subsubsection.3.1.4.10}{\376\377\0003\000.\0001\000.\0004\000.\0001\0000\000\040\000s\000e\000c\000o\000n\000d\000\137\000l\000e\000v\000e\000l\000\137\000c\000o\000m\000p\000r\000e\000s\000s\000i\000o\000n\000\137\000c\000o\000l\000o\000r}{subsection.3.1.4}% 68
\BOOKMARK [3][-]{subsubsection.3.1.4.11}{\376\377\0003\000.\0001\000.\0004\000.\0001\0001\000\040\000t\000h\000i\000r\000d\000\137\000l\000e\000v\000e\000l\000\137\000c\000o\000m\000p\000r\000e\000s\000s\000i\000o\000n\000\137\000c\000o\000l\000o\000r}{subsection.3.1.4}% 69
\BOOKMARK [1][-]{section.3.2}{\376\377\0003\000.\0002\000\040\000k\000m\000:\000:\000K\000M\000e\000a\000n\000s\000B\000a\000s\000e\000\040\000C\000l\000a\000s\000s\000\040\000R\000e\000f\000e\000r\000e\000n\000c\000e}{chapter.3}% 70
\BOOKMARK [2][-]{subsection.3.2.1}{\376\377\0003\000.\0002\000.\0001\000\040\000D\000e\000t\000a\000i\000l\000e\000d\000\040\000D\000e\000s\000c\000r\000i\000p\000t\000i\000o\000n}{section.3.2}% 71
\BOOKMARK [2][-]{subsection.3.2.2}{\376\377\0003\000.\0002\000.\0002\000\040\000C\000o\000n\000s\000t\000r\000u\000c\000t\000o\000r\000\040\000\046\000\040\000D\000e\000s\000t\000r\000u\000c\000t\000o\000r\000\040\000D\000o\000c\000u\000m\000e\000n\000t\000a\000t\000i\000o\000n}{section.3.2}% 72
\BOOKMARK [3][-]{subsubsection.3.2.2.1}{\376\377\0003\000.\0002\000.\0002\000.\0001\000\040\000K\000M\000e\000a\000n\000s\000B\000a\000s\000e\000\050\000\051\000\040\000[\0001\000/\0002\000]}{subsection.3.2.2}% 73
\BOOKMARK [3][-]{subsubsection.3.2.2.2}{\376\377\0003\000.\0002\000.\0002\000.\0002\000\040\000K\000M\000e\000a\000n\000s\000B\000a\000s\000e\000\050\000\051\000\040\000[\0002\000/\0002\000]}{subsection.3.2.2}% 74
\BOOKMARK [3][-]{subsubsection.3.2.2.3}{\376\377\0003\000.\0002\000.\0002\000.\0003\000\040\000~\000K\000M\000e\000a\000n\000s\000B\000a\000s\000e\000\050\000\051}{subsection.3.2.2}% 75
\BOOKMARK [2][-]{subsection.3.2.3}{\376\377\0003\000.\0002\000.\0003\000\040\000M\000e\000m\000b\000e\000r\000\040\000F\000u\000n\000c\000t\000i\000o\000n\000\040\000D\000o\000c\000u\000m\000e\000n\000t\000a\000t\000i\000o\000n}{section.3.2}% 76
\BOOKMARK [3][-]{subsubsection.3.2.3.1}{\376\377\0003\000.\0002\000.\0003\000.\0001\000\040\000g\000e\000t\000C\000e\000n\000t\000r\000o\000i\000d\000s\000\050\000\051}{subsection.3.2.3}% 77
\BOOKMARK [3][-]{subsubsection.3.2.3.2}{\376\377\0003\000.\0002\000.\0003\000.\0002\000\040\000g\000e\000t\000I\000t\000e\000r\000a\000t\000i\000o\000n\000s\000\050\000\051}{subsection.3.2.3}% 78
\BOOKMARK [3][-]{subsubsection.3.2.3.3}{\376\377\0003\000.\0002\000.\0003\000.\0003\000\040\000g\000e\000t\000P\000o\000i\000n\000t\000s\000\050\000\051}{subsection.3.2.3}% 79
\BOOKMARK [3][-]{subsubsection.3.2.3.4}{\376\377\0003\000.\0002\000.\0003\000.\0004\000\040\000r\000u\000n\000\050\000\051}{subsection.3.2.3}% 80
\BOOKMARK [2][-]{subsection.3.2.4}{\376\377\0003\000.\0002\000.\0004\000\040\000M\000e\000m\000b\000e\000r\000\040\000D\000a\000t\000a\000\040\000D\000o\000c\000u\000m\000e\000n\000t\000a\000t\000i\000o\000n}{section.3.2}% 81
\BOOKMARK [3][-]{subsubsection.3.2.4.1}{\376\377\0003\000.\0002\000.\0004\000.\0001\000\040\000c\000e\000n\000t\000r\000o\000i\000d\000s}{subsection.3.2.4}% 82
\BOOKMARK [3][-]{subsubsection.3.2.4.2}{\376\377\0003\000.\0002\000.\0004\000.\0002\000\040\000k}{subsection.3.2.4}% 83
\BOOKMARK [3][-]{subsubsection.3.2.4.3}{\376\377\0003\000.\0002\000.\0004\000.\0003\000\040\000n\000u\000m\000b\000e\000r\000\137\000o\000f\000\137\000i\000t\000e\000r\000a\000t\000i\000o\000n\000s}{subsection.3.2.4}% 84
\BOOKMARK [3][-]{subsubsection.3.2.4.4}{\376\377\0003\000.\0002\000.\0004\000.\0004\000\040\000p\000o\000i\000n\000t\000s}{subsection.3.2.4}% 85
\BOOKMARK [1][-]{section.3.3}{\376\377\0003\000.\0003\000\040\000k\000m\000:\000:\000K\000M\000e\000a\000n\000s\000C\000U\000D\000A\000\040\000C\000l\000a\000s\000s\000\040\000R\000e\000f\000e\000r\000e\000n\000c\000e}{chapter.3}% 86
\BOOKMARK [2][-]{subsection.3.3.1}{\376\377\0003\000.\0003\000.\0001\000\040\000D\000e\000t\000a\000i\000l\000e\000d\000\040\000D\000e\000s\000c\000r\000i\000p\000t\000i\000o\000n}{section.3.3}% 87
\BOOKMARK [2][-]{subsection.3.3.2}{\376\377\0003\000.\0003\000.\0002\000\040\000C\000o\000n\000s\000t\000r\000u\000c\000t\000o\000r\000\040\000\046\000\040\000D\000e\000s\000t\000r\000u\000c\000t\000o\000r\000\040\000D\000o\000c\000u\000m\000e\000n\000t\000a\000t\000i\000o\000n}{section.3.3}% 88
\BOOKMARK [3][-]{subsubsection.3.3.2.1}{\376\377\0003\000.\0003\000.\0002\000.\0001\000\040\000K\000M\000e\000a\000n\000s\000C\000U\000D\000A\000\050\000\051}{subsection.3.3.2}% 89
\BOOKMARK [2][-]{subsection.3.3.3}{\376\377\0003\000.\0003\000.\0003\000\040\000M\000e\000m\000b\000e\000r\000\040\000F\000u\000n\000c\000t\000i\000o\000n\000\040\000D\000o\000c\000u\000m\000e\000n\000t\000a\000t\000i\000o\000n}{section.3.3}% 90
\BOOKMARK [3][-]{subsubsection.3.3.3.1}{\376\377\0003\000.\0003\000.\0003\000.\0001\000\040\000g\000e\000t\000C\000e\000n\000t\000r\000o\000i\000d\000s\000\050\000\051}{subsection.3.3.3}% 91
\BOOKMARK [3][-]{subsubsection.3.3.3.2}{\376\377\0003\000.\0003\000.\0003\000.\0002\000\040\000g\000e\000t\000I\000t\000e\000r\000a\000t\000i\000o\000n\000s\000\050\000\051}{subsection.3.3.3}% 92
\BOOKMARK [3][-]{subsubsection.3.3.3.3}{\376\377\0003\000.\0003\000.\0003\000.\0003\000\040\000g\000e\000t\000P\000o\000i\000n\000t\000s\000\050\000\051}{subsection.3.3.3}% 93
\BOOKMARK [3][-]{subsubsection.3.3.3.4}{\376\377\0003\000.\0003\000.\0003\000.\0004\000\040\000p\000l\000o\000t\000C\000l\000u\000s\000t\000e\000r\000s\000\050\000\051}{subsection.3.3.3}% 94
\BOOKMARK [3][-]{subsubsection.3.3.3.5}{\376\377\0003\000.\0003\000.\0003\000.\0005\000\040\000p\000r\000i\000n\000t\000C\000l\000u\000s\000t\000e\000r\000s\000\050\000\051}{subsection.3.3.3}% 95
\BOOKMARK [3][-]{subsubsection.3.3.3.6}{\376\377\0003\000.\0003\000.\0003\000.\0006\000\040\000r\000u\000n\000\050\000\051}{subsection.3.3.3}% 96
\BOOKMARK [2][-]{subsection.3.3.4}{\376\377\0003\000.\0003\000.\0004\000\040\000M\000e\000m\000b\000e\000r\000\040\000D\000a\000t\000a\000\040\000D\000o\000c\000u\000m\000e\000n\000t\000a\000t\000i\000o\000n}{section.3.3}% 97
\BOOKMARK [3][-]{subsubsection.3.3.4.1}{\376\377\0003\000.\0003\000.\0004\000.\0001\000\040\000c\000e\000n\000t\000r\000o\000i\000d\000s}{subsection.3.3.4}% 98
\BOOKMARK [3][-]{subsubsection.3.3.4.2}{\376\377\0003\000.\0003\000.\0004\000.\0002\000\040\000k}{subsection.3.3.4}% 99
\BOOKMARK [3][-]{subsubsection.3.3.4.3}{\376\377\0003\000.\0003\000.\0004\000.\0003\000\040\000n\000u\000m\000b\000e\000r\000\137\000o\000f\000\137\000i\000t\000e\000r\000a\000t\000i\000o\000n\000s}{subsection.3.3.4}% 100
\BOOKMARK [3][-]{subsubsection.3.3.4.4}{\376\377\0003\000.\0003\000.\0004\000.\0004\000\040\000p\000o\000i\000n\000t\000s}{subsection.3.3.4}% 101
\BOOKMARK [1][-]{section.3.4}{\376\377\0003\000.\0004\000\040\000k\000m\000:\000:\000K\000M\000e\000a\000n\000s\000M\000P\000I\000\040\000C\000l\000a\000s\000s\000\040\000R\000e\000f\000e\000r\000e\000n\000c\000e}{chapter.3}% 102
\BOOKMARK [2][-]{subsection.3.4.1}{\376\377\0003\000.\0004\000.\0001\000\040\000D\000e\000t\000a\000i\000l\000e\000d\000\040\000D\000e\000s\000c\000r\000i\000p\000t\000i\000o\000n}{section.3.4}% 103
\BOOKMARK [2][-]{subsection.3.4.2}{\376\377\0003\000.\0004\000.\0002\000\040\000C\000o\000n\000s\000t\000r\000u\000c\000t\000o\000r\000\040\000\046\000\040\000D\000e\000s\000t\000r\000u\000c\000t\000o\000r\000\040\000D\000o\000c\000u\000m\000e\000n\000t\000a\000t\000i\000o\000n}{section.3.4}% 104
\BOOKMARK [3][-]{subsubsection.3.4.2.1}{\376\377\0003\000.\0004\000.\0002\000.\0001\000\040\000K\000M\000e\000a\000n\000s\000M\000P\000I\000\050\000\051\000\040\000[\0001\000/\0002\000]}{subsection.3.4.2}% 105
\BOOKMARK [3][-]{subsubsection.3.4.2.2}{\376\377\0003\000.\0004\000.\0002\000.\0002\000\040\000K\000M\000e\000a\000n\000s\000M\000P\000I\000\050\000\051\000\040\000[\0002\000/\0002\000]}{subsection.3.4.2}% 106
\BOOKMARK [2][-]{subsection.3.4.3}{\376\377\0003\000.\0004\000.\0003\000\040\000M\000e\000m\000b\000e\000r\000\040\000F\000u\000n\000c\000t\000i\000o\000n\000\040\000D\000o\000c\000u\000m\000e\000n\000t\000a\000t\000i\000o\000n}{section.3.4}% 107
\BOOKMARK [3][-]{subsubsection.3.4.3.1}{\376\377\0003\000.\0004\000.\0003\000.\0001\000\040\000r\000u\000n\000\050\000\051}{subsection.3.4.3}% 108
\BOOKMARK [2][-]{subsection.3.4.4}{\376\377\0003\000.\0004\000.\0004\000\040\000M\000e\000m\000b\000e\000r\000\040\000D\000a\000t\000a\000\040\000D\000o\000c\000u\000m\000e\000n\000t\000a\000t\000i\000o\000n}{section.3.4}% 109
\BOOKMARK [3][-]{subsubsection.3.4.4.1}{\376\377\0003\000.\0004\000.\0004\000.\0001\000\040\000l\000o\000c\000a\000l\000\137\000p\000o\000i\000n\000t\000s}{subsection.3.4.4}% 110
\BOOKMARK [1][-]{section.3.5}{\376\377\0003\000.\0005\000\040\000k\000m\000:\000:\000K\000M\000e\000a\000n\000s\000O\000M\000P\000\040\000C\000l\000a\000s\000s\000\040\000R\000e\000f\000e\000r\000e\000n\000c\000e}{chapter.3}% 111
\BOOKMARK [2][-]{subsection.3.5.1}{\376\377\0003\000.\0005\000.\0001\000\040\000D\000e\000t\000a\000i\000l\000e\000d\000\040\000D\000e\000s\000c\000r\000i\000p\000t\000i\000o\000n}{section.3.5}% 112
\BOOKMARK [2][-]{subsection.3.5.2}{\376\377\0003\000.\0005\000.\0002\000\040\000C\000o\000n\000s\000t\000r\000u\000c\000t\000o\000r\000\040\000\046\000\040\000D\000e\000s\000t\000r\000u\000c\000t\000o\000r\000\040\000D\000o\000c\000u\000m\000e\000n\000t\000a\000t\000i\000o\000n}{section.3.5}% 113
\BOOKMARK [3][-]{subsubsection.3.5.2.1}{\376\377\0003\000.\0005\000.\0002\000.\0001\000\040\000K\000M\000e\000a\000n\000s\000O\000M\000P\000\050\000\051}{subsection.3.5.2}% 114
\BOOKMARK [2][-]{subsection.3.5.3}{\376\377\0003\000.\0005\000.\0003\000\040\000M\000e\000m\000b\000e\000r\000\040\000F\000u\000n\000c\000t\000i\000o\000n\000\040\000D\000o\000c\000u\000m\000e\000n\000t\000a\000t\000i\000o\000n}{section.3.5}% 115
\BOOKMARK [3][-]{subsubsection.3.5.3.1}{\376\377\0003\000.\0005\000.\0003\000.\0001\000\040\000r\000u\000n\000\050\000\051}{subsection.3.5.3}% 116
\BOOKMARK [1][-]{section.3.6}{\376\377\0003\000.\0006\000\040\000k\000m\000:\000:\000K\000M\000e\000a\000n\000s\000S\000e\000q\000u\000e\000n\000t\000i\000a\000l\000\040\000C\000l\000a\000s\000s\000\040\000R\000e\000f\000e\000r\000e\000n\000c\000e}{chapter.3}% 117
\BOOKMARK [2][-]{subsection.3.6.1}{\376\377\0003\000.\0006\000.\0001\000\040\000D\000e\000t\000a\000i\000l\000e\000d\000\040\000D\000e\000s\000c\000r\000i\000p\000t\000i\000o\000n}{section.3.6}% 118
\BOOKMARK [2][-]{subsection.3.6.2}{\376\377\0003\000.\0006\000.\0002\000\040\000C\000o\000n\000s\000t\000r\000u\000c\000t\000o\000r\000\040\000\046\000\040\000D\000e\000s\000t\000r\000u\000c\000t\000o\000r\000\040\000D\000o\000c\000u\000m\000e\000n\000t\000a\000t\000i\000o\000n}{section.3.6}% 119
\BOOKMARK [3][-]{subsubsection.3.6.2.1}{\376\377\0003\000.\0006\000.\0002\000.\0001\000\040\000K\000M\000e\000a\000n\000s\000S\000e\000q\000u\000e\000n\000t\000i\000a\000l\000\050\000\051}{subsection.3.6.2}% 120
\BOOKMARK [2][-]{subsection.3.6.3}{\376\377\0003\000.\0006\000.\0003\000\040\000M\000e\000m\000b\000e\000r\000\040\000F\000u\000n\000c\000t\000i\000o\000n\000\040\000D\000o\000c\000u\000m\000e\000n\000t\000a\000t\000i\000o\000n}{section.3.6}% 121
\BOOKMARK [3][-]{subsubsection.3.6.3.1}{\376\377\0003\000.\0006\000.\0003\000.\0001\000\040\000r\000u\000n\000\050\000\051}{subsection.3.6.3}% 122
\BOOKMARK [1][-]{section.3.7}{\376\377\0003\000.\0007\000\040\000k\000m\000:\000:\000P\000e\000r\000f\000o\000r\000m\000a\000n\000c\000e\000\040\000C\000l\000a\000s\000s\000\040\000R\000e\000f\000e\000r\000e\000n\000c\000e}{chapter.3}% 123
\BOOKMARK [2][-]{subsection.3.7.1}{\376\377\0003\000.\0007\000.\0001\000\040\000D\000e\000t\000a\000i\000l\000e\000d\000\040\000D\000e\000s\000c\000r\000i\000p\000t\000i\000o\000n}{section.3.7}% 124
\BOOKMARK [2][-]{subsection.3.7.2}{\376\377\0003\000.\0007\000.\0002\000\040\000C\000o\000n\000s\000t\000r\000u\000c\000t\000o\000r\000\040\000\046\000\040\000D\000e\000s\000t\000r\000u\000c\000t\000o\000r\000\040\000D\000o\000c\000u\000m\000e\000n\000t\000a\000t\000i\000o\000n}{section.3.7}% 125
\BOOKMARK [3][-]{subsubsection.3.7.2.1}{\376\377\0003\000.\0007\000.\0002\000.\0001\000\040\000P\000e\000r\000f\000o\000r\000m\000a\000n\000c\000e\000\050\000\051}{subsection.3.7.2}% 126
\BOOKMARK [2][-]{subsection.3.7.3}{\376\377\0003\000.\0007\000.\0003\000\040\000M\000e\000m\000b\000e\000r\000\040\000F\000u\000n\000c\000t\000i\000o\000n\000\040\000D\000o\000c\000u\000m\000e\000n\000t\000a\000t\000i\000o\000n}{section.3.7}% 127
\BOOKMARK [3][-]{subsubsection.3.7.3.1}{\376\377\0003\000.\0007\000.\0003\000.\0001\000\040\000a\000p\000p\000e\000n\000d\000T\000o\000C\000S\000V\000\050\000\051}{subsection.3.7.3}% 128
\BOOKMARK [3][-]{subsubsection.3.7.3.2}{\376\377\0003\000.\0007\000.\0003\000.\0002\000\040\000c\000r\000e\000a\000t\000e\000O\000r\000O\000p\000e\000n\000C\000S\000V\000\050\000\051}{subsection.3.7.3}% 129
\BOOKMARK [3][-]{subsubsection.3.7.3.3}{\376\377\0003\000.\0007\000.\0003\000.\0003\000\040\000e\000x\000t\000r\000a\000c\000t\000F\000i\000l\000e\000N\000a\000m\000e\000\050\000\051}{subsection.3.7.3}% 130
\BOOKMARK [3][-]{subsubsection.3.7.3.4}{\376\377\0003\000.\0007\000.\0003\000.\0004\000\040\000f\000i\000l\000l\000P\000e\000r\000f\000o\000r\000m\000a\000n\000c\000e\000\050\000\051}{subsection.3.7.3}% 131
\BOOKMARK [3][-]{subsubsection.3.7.3.5}{\376\377\0003\000.\0007\000.\0003\000.\0005\000\040\000w\000r\000i\000t\000e\000C\000S\000V\000\050\000\051}{subsection.3.7.3}% 132
\BOOKMARK [2][-]{subsection.3.7.4}{\376\377\0003\000.\0007\000.\0004\000\040\000M\000e\000m\000b\000e\000r\000\040\000D\000a\000t\000a\000\040\000D\000o\000c\000u\000m\000e\000n\000t\000a\000t\000i\000o\000n}{section.3.7}% 133
\BOOKMARK [3][-]{subsubsection.3.7.4.1}{\376\377\0003\000.\0007\000.\0004\000.\0001\000\040\000c\000h\000o\000i\000c\000e}{subsection.3.7.4}% 134
\BOOKMARK [3][-]{subsubsection.3.7.4.2}{\376\377\0003\000.\0007\000.\0004\000.\0002\000\040\000i\000m\000g}{subsection.3.7.4}% 135
\BOOKMARK [3][-]{subsubsection.3.7.4.3}{\376\377\0003\000.\0007\000.\0004\000.\0003\000\040\000m\000e\000t\000h\000o\000d}{subsection.3.7.4}% 136
\BOOKMARK [1][-]{section.3.8}{\376\377\0003\000.\0008\000\040\000k\000m\000:\000:\000P\000o\000i\000n\000t\000\040\000C\000l\000a\000s\000s\000\040\000R\000e\000f\000e\000r\000e\000n\000c\000e}{chapter.3}% 137
\BOOKMARK [2][-]{subsection.3.8.1}{\376\377\0003\000.\0008\000.\0001\000\040\000D\000e\000t\000a\000i\000l\000e\000d\000\040\000D\000e\000s\000c\000r\000i\000p\000t\000i\000o\000n}{section.3.8}% 138
\BOOKMARK [2][-]{subsection.3.8.2}{\376\377\0003\000.\0008\000.\0002\000\040\000C\000o\000n\000s\000t\000r\000u\000c\000t\000o\000r\000\040\000\046\000\040\000D\000e\000s\000t\000r\000u\000c\000t\000o\000r\000\040\000D\000o\000c\000u\000m\000e\000n\000t\000a\000t\000i\000o\000n}{section.3.8}% 139
\BOOKMARK [3][-]{subsubsection.3.8.2.1}{\376\377\0003\000.\0008\000.\0002\000.\0001\000\040\000P\000o\000i\000n\000t\000\050\000\051\000\040\000[\0001\000/\0002\000]}{subsection.3.8.2}% 140
\BOOKMARK [3][-]{subsubsection.3.8.2.2}{\376\377\0003\000.\0008\000.\0002\000.\0002\000\040\000P\000o\000i\000n\000t\000\050\000\051\000\040\000[\0002\000/\0002\000]}{subsection.3.8.2}% 141
\BOOKMARK [2][-]{subsection.3.8.3}{\376\377\0003\000.\0008\000.\0003\000\040\000M\000e\000m\000b\000e\000r\000\040\000F\000u\000n\000c\000t\000i\000o\000n\000\040\000D\000o\000c\000u\000m\000e\000n\000t\000a\000t\000i\000o\000n}{section.3.8}% 142
\BOOKMARK [3][-]{subsubsection.3.8.3.1}{\376\377\0003\000.\0008\000.\0003\000.\0001\000\040\000d\000i\000s\000t\000a\000n\000c\000e\000\050\000\051}{subsection.3.8.3}% 143
\BOOKMARK [3][-]{subsubsection.3.8.3.2}{\376\377\0003\000.\0008\000.\0003\000.\0002\000\040\000g\000e\000t\000F\000e\000a\000t\000u\000r\000e\000\050\000\051}{subsection.3.8.3}% 144
\BOOKMARK [3][-]{subsubsection.3.8.3.3}{\376\377\0003\000.\0008\000.\0003\000.\0003\000\040\000g\000e\000t\000F\000e\000a\000t\000u\000r\000e\000\137\000i\000n\000t\000\050\000\051}{subsection.3.8.3}% 145
\BOOKMARK [3][-]{subsubsection.3.8.3.4}{\376\377\0003\000.\0008\000.\0003\000.\0004\000\040\000s\000e\000t\000F\000e\000a\000t\000u\000r\000e\000\050\000\051}{subsection.3.8.3}% 146
\BOOKMARK [2][-]{subsection.3.8.4}{\376\377\0003\000.\0008\000.\0004\000\040\000M\000e\000m\000b\000e\000r\000\040\000D\000a\000t\000a\000\040\000D\000o\000c\000u\000m\000e\000n\000t\000a\000t\000i\000o\000n}{section.3.8}% 147
\BOOKMARK [3][-]{subsubsection.3.8.4.1}{\376\377\0003\000.\0008\000.\0004\000.\0001\000\040\000b}{subsection.3.8.4}% 148
\BOOKMARK [3][-]{subsubsection.3.8.4.2}{\376\377\0003\000.\0008\000.\0004\000.\0002\000\040\000c\000l\000u\000s\000t\000e\000r\000I\000d}{subsection.3.8.4}% 149
\BOOKMARK [3][-]{subsubsection.3.8.4.3}{\376\377\0003\000.\0008\000.\0004\000.\0003\000\040\000g}{subsection.3.8.4}% 150
\BOOKMARK [3][-]{subsubsection.3.8.4.4}{\376\377\0003\000.\0008\000.\0004\000.\0004\000\040\000i\000d}{subsection.3.8.4}% 151
\BOOKMARK [3][-]{subsubsection.3.8.4.5}{\376\377\0003\000.\0008\000.\0004\000.\0005\000\040\000r}{subsection.3.8.4}% 152
\BOOKMARK [0][-]{chapter.4}{\376\377\0004\000\040\000F\000i\000l\000e\000\040\000D\000o\000c\000u\000m\000e\000n\000t\000a\000t\000i\000o\000n}{}% 153
\BOOKMARK [1][-]{section.4.1}{\376\377\0004\000.\0001\000\040\000a\000c\000l\000.\000s\000t\000y\000\040\000F\000i\000l\000e\000\040\000R\000e\000f\000e\000r\000e\000n\000c\000e}{chapter.4}% 154
\BOOKMARK [1][-]{section.4.2}{\376\377\0004\000.\0002\000\040\000i\000n\000c\000l\000u\000d\000e\000/\000c\000o\000n\000f\000i\000g\000R\000e\000a\000d\000e\000r\000.\000h\000p\000p\000\040\000F\000i\000l\000e\000\040\000R\000e\000f\000e\000r\000e\000n\000c\000e}{chapter.4}% 155
\BOOKMARK [2][-]{subsection.4.2.1}{\376\377\0004\000.\0002\000.\0001\000\040\000D\000e\000t\000a\000i\000l\000e\000d\000\040\000D\000e\000s\000c\000r\000i\000p\000t\000i\000o\000n}{section.4.2}% 156
\BOOKMARK [1][-]{section.4.3}{\376\377\0004\000.\0003\000\040\000c\000o\000n\000f\000i\000g\000R\000e\000a\000d\000e\000r\000.\000h\000p\000p}{chapter.4}% 157
\BOOKMARK [1][-]{section.4.4}{\376\377\0004\000.\0004\000\040\000i\000n\000c\000l\000u\000d\000e\000/\000f\000i\000l\000e\000s\000U\000t\000i\000l\000s\000.\000h\000p\000p\000\040\000F\000i\000l\000e\000\040\000R\000e\000f\000e\000r\000e\000n\000c\000e}{chapter.4}% 158
\BOOKMARK [2][-]{subsection.4.4.1}{\376\377\0004\000.\0004\000.\0001\000\040\000D\000e\000t\000a\000i\000l\000e\000d\000\040\000D\000e\000s\000c\000r\000i\000p\000t\000i\000o\000n}{section.4.4}% 159
\BOOKMARK [1][-]{section.4.5}{\376\377\0004\000.\0005\000\040\000f\000i\000l\000e\000s\000U\000t\000i\000l\000s\000.\000h\000p\000p}{chapter.4}% 160
\BOOKMARK [1][-]{section.4.6}{\376\377\0004\000.\0006\000\040\000i\000n\000c\000l\000u\000d\000e\000/\000i\000m\000a\000g\000e\000s\000U\000t\000i\000l\000s\000.\000h\000p\000p\000\040\000F\000i\000l\000e\000\040\000R\000e\000f\000e\000r\000e\000n\000c\000e}{chapter.4}% 161
\BOOKMARK [2][-]{subsection.4.6.1}{\376\377\0004\000.\0006\000.\0001\000\040\000D\000e\000t\000a\000i\000l\000e\000d\000\040\000D\000e\000s\000c\000r\000i\000p\000t\000i\000o\000n}{section.4.6}% 162
\BOOKMARK [1][-]{section.4.7}{\376\377\0004\000.\0007\000\040\000i\000m\000a\000g\000e\000s\000U\000t\000i\000l\000s\000.\000h\000p\000p}{chapter.4}% 163
\BOOKMARK [1][-]{section.4.8}{\376\377\0004\000.\0008\000\040\000i\000n\000c\000l\000u\000d\000e\000/\000k\000m\000D\000o\000c\000s\000.\000h\000p\000p\000\040\000F\000i\000l\000e\000\040\000R\000e\000f\000e\000r\000e\000n\000c\000e}{chapter.4}% 164
\BOOKMARK [2][-]{subsection.4.8.1}{\376\377\0004\000.\0008\000.\0001\000\040\000D\000e\000t\000a\000i\000l\000e\000d\000\040\000D\000e\000s\000c\000r\000i\000p\000t\000i\000o\000n}{section.4.8}% 165
\BOOKMARK [1][-]{section.4.9}{\376\377\0004\000.\0009\000\040\000k\000m\000D\000o\000c\000s\000.\000h\000p\000p}{chapter.4}% 166
\BOOKMARK [1][-]{section.4.10}{\376\377\0004\000.\0001\0000\000\040\000i\000n\000c\000l\000u\000d\000e\000/\000k\000M\000e\000a\000n\000s\000B\000a\000s\000e\000.\000h\000p\000p\000\040\000F\000i\000l\000e\000\040\000R\000e\000f\000e\000r\000e\000n\000c\000e}{chapter.4}% 167
\BOOKMARK [2][-]{subsection.4.10.1}{\376\377\0004\000.\0001\0000\000.\0001\000\040\000D\000e\000t\000a\000i\000l\000e\000d\000\040\000D\000e\000s\000c\000r\000i\000p\000t\000i\000o\000n}{section.4.10}% 168
\BOOKMARK [1][-]{section.4.11}{\376\377\0004\000.\0001\0001\000\040\000k\000M\000e\000a\000n\000s\000B\000a\000s\000e\000.\000h\000p\000p}{chapter.4}% 169
\BOOKMARK [1][-]{section.4.12}{\376\377\0004\000.\0001\0002\000\040\000i\000n\000c\000l\000u\000d\000e\000/\000k\000M\000e\000a\000n\000s\000C\000U\000D\000A\000.\000c\000u\000h\000\040\000F\000i\000l\000e\000\040\000R\000e\000f\000e\000r\000e\000n\000c\000e}{chapter.4}% 170
\BOOKMARK [2][-]{subsection.4.12.1}{\376\377\0004\000.\0001\0002\000.\0001\000\040\000D\000e\000t\000a\000i\000l\000e\000d\000\040\000D\000e\000s\000c\000r\000i\000p\000t\000i\000o\000n}{section.4.12}% 171
\BOOKMARK [2][-]{subsection.4.12.2}{\376\377\0004\000.\0001\0002\000.\0002\000\040\000M\000a\000c\000r\000o\000\040\000D\000e\000f\000i\000n\000i\000t\000i\000o\000n\000\040\000D\000o\000c\000u\000m\000e\000n\000t\000a\000t\000i\000o\000n}{section.4.12}% 172
\BOOKMARK [3][-]{subsubsection.4.12.2.1}{\376\377\0004\000.\0001\0002\000.\0002\000.\0001\000\040\000K\000M\000E\000A\000N\000S\000\137\000C\000U\000D\000A\000\137\000H\000P\000P}{subsection.4.12.2}% 173
\BOOKMARK [1][-]{section.4.13}{\376\377\0004\000.\0001\0003\000\040\000k\000M\000e\000a\000n\000s\000C\000U\000D\000A\000.\000c\000u\000h}{chapter.4}% 174
\BOOKMARK [1][-]{section.4.14}{\376\377\0004\000.\0001\0004\000\040\000i\000n\000c\000l\000u\000d\000e\000/\000k\000M\000e\000a\000n\000s\000M\000P\000I\000.\000h\000p\000p\000\040\000F\000i\000l\000e\000\040\000R\000e\000f\000e\000r\000e\000n\000c\000e}{chapter.4}% 175
\BOOKMARK [2][-]{subsection.4.14.1}{\376\377\0004\000.\0001\0004\000.\0001\000\040\000D\000e\000t\000a\000i\000l\000e\000d\000\040\000D\000e\000s\000c\000r\000i\000p\000t\000i\000o\000n}{section.4.14}% 176
\BOOKMARK [1][-]{section.4.15}{\376\377\0004\000.\0001\0005\000\040\000k\000M\000e\000a\000n\000s\000M\000P\000I\000.\000h\000p\000p}{chapter.4}% 177
\BOOKMARK [1][-]{section.4.16}{\376\377\0004\000.\0001\0006\000\040\000i\000n\000c\000l\000u\000d\000e\000/\000k\000M\000e\000a\000n\000s\000O\000M\000P\000.\000h\000p\000p\000\040\000F\000i\000l\000e\000\040\000R\000e\000f\000e\000r\000e\000n\000c\000e}{chapter.4}% 178
\BOOKMARK [2][-]{subsection.4.16.1}{\376\377\0004\000.\0001\0006\000.\0001\000\040\000D\000e\000t\000a\000i\000l\000e\000d\000\040\000D\000e\000s\000c\000r\000i\000p\000t\000i\000o\000n}{section.4.16}% 179
\BOOKMARK [1][-]{section.4.17}{\376\377\0004\000.\0001\0007\000\040\000k\000M\000e\000a\000n\000s\000O\000M\000P\000.\000h\000p\000p}{chapter.4}% 180
\BOOKMARK [1][-]{section.4.18}{\376\377\0004\000.\0001\0008\000\040\000i\000n\000c\000l\000u\000d\000e\000/\000k\000M\000e\000a\000n\000s\000S\000e\000q\000u\000e\000n\000t\000i\000a\000l\000.\000h\000p\000p\000\040\000F\000i\000l\000e\000\040\000R\000e\000f\000e\000r\000e\000n\000c\000e}{chapter.4}% 181
\BOOKMARK [2][-]{subsection.4.18.1}{\376\377\0004\000.\0001\0008\000.\0001\000\040\000D\000e\000t\000a\000i\000l\000e\000d\000\040\000D\000e\000s\000c\000r\000i\000p\000t\000i\000o\000n}{section.4.18}% 182
\BOOKMARK [1][-]{section.4.19}{\376\377\0004\000.\0001\0009\000\040\000k\000M\000e\000a\000n\000s\000S\000e\000q\000u\000e\000n\000t\000i\000a\000l\000.\000h\000p\000p}{chapter.4}% 183
\BOOKMARK [1][-]{section.4.20}{\376\377\0004\000.\0002\0000\000\040\000i\000n\000c\000l\000u\000d\000e\000/\000p\000e\000r\000f\000o\000r\000m\000a\000n\000c\000e\000E\000v\000a\000l\000u\000a\000t\000i\000o\000n\000.\000h\000p\000p\000\040\000F\000i\000l\000e\000\040\000R\000e\000f\000e\000r\000e\000n\000c\000e}{chapter.4}% 184
\BOOKMARK [2][-]{subsection.4.20.1}{\376\377\0004\000.\0002\0000\000.\0001\000\040\000D\000e\000t\000a\000i\000l\000e\000d\000\040\000D\000e\000s\000c\000r\000i\000p\000t\000i\000o\000n}{section.4.20}% 185
\BOOKMARK [1][-]{section.4.21}{\376\377\0004\000.\0002\0001\000\040\000p\000e\000r\000f\000o\000r\000m\000a\000n\000c\000e\000E\000v\000a\000l\000u\000a\000t\000i\000o\000n\000.\000h\000p\000p}{chapter.4}% 186
\BOOKMARK [1][-]{section.4.22}{\376\377\0004\000.\0002\0002\000\040\000i\000n\000c\000l\000u\000d\000e\000/\000p\000o\000i\000n\000t\000.\000h\000p\000p\000\040\000F\000i\000l\000e\000\040\000R\000e\000f\000e\000r\000e\000n\000c\000e}{chapter.4}% 187
\BOOKMARK [2][-]{subsection.4.22.1}{\376\377\0004\000.\0002\0002\000.\0001\000\040\000D\000e\000t\000a\000i\000l\000e\000d\000\040\000D\000e\000s\000c\000r\000i\000p\000t\000i\000o\000n}{section.4.22}% 188
\BOOKMARK [1][-]{section.4.23}{\376\377\0004\000.\0002\0003\000\040\000p\000o\000i\000n\000t\000.\000h\000p\000p}{chapter.4}% 189
\BOOKMARK [1][-]{section.4.24}{\376\377\0004\000.\0002\0004\000\040\000i\000n\000c\000l\000u\000d\000e\000/\000u\000t\000i\000l\000s\000C\000L\000I\000.\000h\000p\000p\000\040\000F\000i\000l\000e\000\040\000R\000e\000f\000e\000r\000e\000n\000c\000e}{chapter.4}% 190
\BOOKMARK [2][-]{subsection.4.24.1}{\376\377\0004\000.\0002\0004\000.\0001\000\040\000D\000e\000t\000a\000i\000l\000e\000d\000\040\000D\000e\000s\000c\000r\000i\000p\000t\000i\000o\000n}{section.4.24}% 191
\BOOKMARK [1][-]{section.4.25}{\376\377\0004\000.\0002\0005\000\040\000u\000t\000i\000l\000s\000C\000L\000I\000.\000h\000p\000p}{chapter.4}% 192
\BOOKMARK [1][-]{section.4.26}{\376\377\0004\000.\0002\0006\000\040\000R\000E\000A\000D\000M\000E\000.\000m\000d\000\040\000F\000i\000l\000e\000\040\000R\000e\000f\000e\000r\000e\000n\000c\000e}{chapter.4}% 193
\BOOKMARK [1][-]{section.4.27}{\376\377\0004\000.\0002\0007\000\040\000s\000r\000c\000/\000c\000o\000n\000f\000i\000g\000R\000e\000a\000d\000e\000r\000.\000c\000p\000p\000\040\000F\000i\000l\000e\000\040\000R\000e\000f\000e\000r\000e\000n\000c\000e}{chapter.4}% 194
\BOOKMARK [1][-]{section.4.28}{\376\377\0004\000.\0002\0008\000\040\000s\000r\000c\000/\000d\000e\000c\000o\000d\000e\000r\000.\000c\000p\000p\000\040\000F\000i\000l\000e\000\040\000R\000e\000f\000e\000r\000e\000n\000c\000e}{chapter.4}% 195
\BOOKMARK [2][-]{subsection.4.28.1}{\376\377\0004\000.\0002\0008\000.\0001\000\040\000D\000e\000t\000a\000i\000l\000e\000d\000\040\000D\000e\000s\000c\000r\000i\000p\000t\000i\000o\000n}{section.4.28}% 196
\BOOKMARK [2][-]{subsection.4.28.2}{\376\377\0004\000.\0002\0008\000.\0002\000\040\000F\000u\000n\000c\000t\000i\000o\000n\000\040\000D\000o\000c\000u\000m\000e\000n\000t\000a\000t\000i\000o\000n}{section.4.28}% 197
\BOOKMARK [3][-]{subsubsection.4.28.2.1}{\376\377\0004\000.\0002\0008\000.\0002\000.\0001\000\040\000m\000a\000i\000n\000\050\000\051}{subsection.4.28.2}% 198
\BOOKMARK [1][-]{section.4.29}{\376\377\0004\000.\0002\0009\000\040\000s\000r\000c\000/\000e\000n\000c\000o\000d\000e\000r\000.\000c\000p\000p\000\040\000F\000i\000l\000e\000\040\000R\000e\000f\000e\000r\000e\000n\000c\000e}{chapter.4}% 199
\BOOKMARK [2][-]{subsection.4.29.1}{\376\377\0004\000.\0002\0009\000.\0001\000\040\000F\000u\000n\000c\000t\000i\000o\000n\000\040\000D\000o\000c\000u\000m\000e\000n\000t\000a\000t\000i\000o\000n}{section.4.29}% 200
\BOOKMARK [3][-]{subsubsection.4.29.1.1}{\376\377\0004\000.\0002\0009\000.\0001\000.\0001\000\040\000m\000a\000i\000n\000\050\000\051}{subsection.4.29.1}% 201
\BOOKMARK [1][-]{section.4.30}{\376\377\0004\000.\0003\0000\000\040\000s\000r\000c\000/\000e\000n\000c\000o\000d\000e\000r\000C\000U\000D\000A\000.\000c\000p\000p\000\040\000F\000i\000l\000e\000\040\000R\000e\000f\000e\000r\000e\000n\000c\000e}{chapter.4}% 202
\BOOKMARK [2][-]{subsection.4.30.1}{\376\377\0004\000.\0003\0000\000.\0001\000\040\000F\000u\000n\000c\000t\000i\000o\000n\000\040\000D\000o\000c\000u\000m\000e\000n\000t\000a\000t\000i\000o\000n}{section.4.30}% 203
\BOOKMARK [3][-]{subsubsection.4.30.1.1}{\376\377\0004\000.\0003\0000\000.\0001\000.\0001\000\040\000m\000a\000i\000n\000\050\000\051}{subsection.4.30.1}% 204
\BOOKMARK [1][-]{section.4.31}{\376\377\0004\000.\0003\0001\000\040\000s\000r\000c\000/\000e\000n\000c\000o\000d\000e\000r\000M\000P\000I\000.\000c\000p\000p\000\040\000F\000i\000l\000e\000\040\000R\000e\000f\000e\000r\000e\000n\000c\000e}{chapter.4}% 205
\BOOKMARK [2][-]{subsection.4.31.1}{\376\377\0004\000.\0003\0001\000.\0001\000\040\000F\000u\000n\000c\000t\000i\000o\000n\000\040\000D\000o\000c\000u\000m\000e\000n\000t\000a\000t\000i\000o\000n}{section.4.31}% 206
\BOOKMARK [3][-]{subsubsection.4.31.1.1}{\376\377\0004\000.\0003\0001\000.\0001\000.\0001\000\040\000m\000a\000i\000n\000\050\000\051}{subsection.4.31.1}% 207
\BOOKMARK [1][-]{section.4.32}{\376\377\0004\000.\0003\0002\000\040\000s\000r\000c\000/\000e\000n\000c\000o\000d\000e\000r\000O\000M\000P\000.\000c\000p\000p\000\040\000F\000i\000l\000e\000\040\000R\000e\000f\000e\000r\000e\000n\000c\000e}{chapter.4}% 208
\BOOKMARK [2][-]{subsection.4.32.1}{\376\377\0004\000.\0003\0002\000.\0001\000\040\000F\000u\000n\000c\000t\000i\000o\000n\000\040\000D\000o\000c\000u\000m\000e\000n\000t\000a\000t\000i\000o\000n}{section.4.32}% 209
\BOOKMARK [3][-]{subsubsection.4.32.1.1}{\376\377\0004\000.\0003\0002\000.\0001\000.\0001\000\040\000m\000a\000i\000n\000\050\000\051}{subsection.4.32.1}% 210
\BOOKMARK [1][-]{section.4.33}{\376\377\0004\000.\0003\0003\000\040\000s\000r\000c\000/\000f\000i\000l\000e\000s\000U\000t\000i\000l\000s\000.\000c\000p\000p\000\040\000F\000i\000l\000e\000\040\000R\000e\000f\000e\000r\000e\000n\000c\000e}{chapter.4}% 211
\BOOKMARK [1][-]{section.4.34}{\376\377\0004\000.\0003\0004\000\040\000s\000r\000c\000/\000i\000m\000a\000g\000e\000s\000U\000t\000i\000l\000s\000.\000c\000p\000p\000\040\000F\000i\000l\000e\000\040\000R\000e\000f\000e\000r\000e\000n\000c\000e}{chapter.4}% 212
\BOOKMARK [1][-]{section.4.35}{\376\377\0004\000.\0003\0005\000\040\000s\000r\000c\000/\000k\000M\000e\000a\000n\000s\000B\000a\000s\000e\000.\000c\000p\000p\000\040\000F\000i\000l\000e\000\040\000R\000e\000f\000e\000r\000e\000n\000c\000e}{chapter.4}% 213
\BOOKMARK [1][-]{section.4.36}{\376\377\0004\000.\0003\0006\000\040\000s\000r\000c\000/\000k\000M\000e\000a\000n\000s\000C\000U\000D\000A\000.\000c\000u\000\040\000F\000i\000l\000e\000\040\000R\000e\000f\000e\000r\000e\000n\000c\000e}{chapter.4}% 214
\BOOKMARK [2][-]{subsection.4.36.1}{\376\377\0004\000.\0003\0006\000.\0001\000\040\000F\000u\000n\000c\000t\000i\000o\000n\000\040\000D\000o\000c\000u\000m\000e\000n\000t\000a\000t\000i\000o\000n}{section.4.36}% 215
\BOOKMARK [3][-]{subsubsection.4.36.1.1}{\376\377\0004\000.\0003\0006\000.\0001\000.\0001\000\040\000a\000s\000s\000i\000g\000n\000\137\000c\000l\000u\000s\000t\000e\000r\000s\000\050\000\051}{subsection.4.36.1}% 216
\BOOKMARK [3][-]{subsubsection.4.36.1.2}{\376\377\0004\000.\0003\0006\000.\0001\000.\0002\000\040\000a\000v\000e\000r\000a\000g\000e\000\137\000c\000e\000n\000t\000r\000o\000i\000d\000s\000\050\000\051}{subsection.4.36.1}% 217
\BOOKMARK [3][-]{subsubsection.4.36.1.3}{\376\377\0004\000.\0003\0006\000.\0001\000.\0003\000\040\000c\000a\000l\000c\000u\000l\000a\000t\000e\000\137\000n\000e\000w\000\137\000c\000e\000n\000t\000r\000o\000i\000d\000s\000\050\000\051}{subsection.4.36.1}% 218
\BOOKMARK [1][-]{section.4.37}{\376\377\0004\000.\0003\0007\000\040\000s\000r\000c\000/\000k\000M\000e\000a\000n\000s\000M\000P\000I\000.\000c\000p\000p\000\040\000F\000i\000l\000e\000\040\000R\000e\000f\000e\000r\000e\000n\000c\000e}{chapter.4}% 219
\BOOKMARK [1][-]{section.4.38}{\376\377\0004\000.\0003\0008\000\040\000s\000r\000c\000/\000k\000M\000e\000a\000n\000s\000O\000M\000P\000.\000c\000p\000p\000\040\000F\000i\000l\000e\000\040\000R\000e\000f\000e\000r\000e\000n\000c\000e}{chapter.4}% 220
\BOOKMARK [1][-]{section.4.39}{\376\377\0004\000.\0003\0009\000\040\000s\000r\000c\000/\000k\000M\000e\000a\000n\000s\000S\000e\000q\000u\000e\000n\000t\000i\000a\000l\000.\000c\000p\000p\000\040\000F\000i\000l\000e\000\040\000R\000e\000f\000e\000r\000e\000n\000c\000e}{chapter.4}% 221
\BOOKMARK [1][-]{section.4.40}{\376\377\0004\000.\0004\0000\000\040\000s\000r\000c\000/\000m\000a\000i\000n\000M\000e\000n\000u\000.\000c\000p\000p\000\040\000F\000i\000l\000e\000\040\000R\000e\000f\000e\000r\000e\000n\000c\000e}{chapter.4}% 222
\BOOKMARK [2][-]{subsection.4.40.1}{\376\377\0004\000.\0004\0000\000.\0001\000\040\000F\000u\000n\000c\000t\000i\000o\000n\000\040\000D\000o\000c\000u\000m\000e\000n\000t\000a\000t\000i\000o\000n}{section.4.40}% 223
\BOOKMARK [3][-]{subsubsection.4.40.1.1}{\376\377\0004\000.\0004\0000\000.\0001\000.\0001\000\040\000m\000a\000i\000n\000\050\000\051}{subsection.4.40.1}% 224
\BOOKMARK [1][-]{section.4.41}{\376\377\0004\000.\0004\0001\000\040\000s\000r\000c\000/\000p\000e\000r\000f\000o\000r\000m\000a\000n\000c\000e\000E\000v\000a\000l\000u\000a\000t\000i\000o\000n\000.\000c\000p\000p\000\040\000F\000i\000l\000e\000\040\000R\000e\000f\000e\000r\000e\000n\000c\000e}{chapter.4}% 225
\BOOKMARK [1][-]{section.4.42}{\376\377\0004\000.\0004\0002\000\040\000s\000r\000c\000/\000p\000o\000i\000n\000t\000.\000c\000p\000p\000\040\000F\000i\000l\000e\000\040\000R\000e\000f\000e\000r\000e\000n\000c\000e}{chapter.4}% 226
\BOOKMARK [1][-]{section.4.43}{\376\377\0004\000.\0004\0003\000\040\000s\000r\000c\000/\000u\000t\000i\000l\000s\000C\000L\000I\000.\000c\000p\000p\000\040\000F\000i\000l\000e\000\040\000R\000e\000f\000e\000r\000e\000n\000c\000e}{chapter.4}% 227
\BOOKMARK [0][-]{section*.165}{\376\377\000I\000n\000d\000e\000x}{}% 228
